File: /Users/jkhartshorne/Documents/Projects/Formosan/Formosan-Wikipedias/Final_XML/Amis/Hong_kong.xml
Text: (( )

File: /Users/jkhartshorne/Documents/Projects/Formosan/Formosan-Wikipedias/Final_XML/Amis/Poland.xml
Text: (( )

File: /Users/jkhartshorne/Documents/Projects/Formosan/Formosan-Wikipedias/Final_XML/Amis/Hungary.xml
Text: ( )

File: /Users/jkhartshorne/Documents/Projects/Formosan/Formosan-Wikipedias/Final_XML/Amis/Cay_Ing-wen.xml
Text: ( )

File: /Users/jkhartshorne/Documents/Projects/Formosan/Formosan-Wikipedias/Final_XML/Amis/Kolong.xml
Text: ()

File: /Users/jkhartshorne/Documents/Projects/Formosan/Formosan-Wikipedias/Final_XML/Amis/Kolong.xml
Text: ()

File: /Users/jkhartshorne/Documents/Projects/Formosan/Formosan-Wikipedias/Final_XML/Amis/Cay_Ing-wen_2024_pafilongan_a_sowal.xml
Text: ( ")

File: /Users/jkhartshorne/Documents/Projects/Formosan/Formosan-Wikipedias/Final_XML/Amis/South_sudan.xml
Text: (( )

File: /Users/jkhartshorne/Documents/Projects/Formosan/Formosan-Wikipedias/Final_XML/Amis/Sao_tome_and_principe.xml
Text: (( )

File: /Users/jkhartshorne/Documents/Projects/Formosan/Formosan-Wikipedias/Final_XML/Amis/Lay_cing-te_pakatifac_to_singkiw.xml
Text: ( )

File: /Users/jkhartshorne/Documents/Projects/Formosan/Formosan-Wikipedias/Final_XML/Amis/Macau.xml
Text: (( )

File: /Users/jkhartshorne/Documents/Projects/Formosan/Formosan-Wikipedias/Final_XML/Amis/Siri.xml
Text: ()

File: /Users/jkhartshorne/Documents/Projects/Formosan/Formosan-Wikipedias/Final_XML/Amis/Siri.xml
Text: ()

File: /Users/jkhartshorne/Documents/Projects/Formosan/Formosan-Wikipedias/Final_XML/Amis/Syria.xml
Text: (( )

File: /Users/jkhartshorne/Documents/Projects/Formosan/Formosan-Wikipedias/Final_XML/Amis/Libya.xml
Text: (( )

File: /Users/jkhartshorne/Documents/Projects/Formosan/Formosan-Wikipedias/Final_XML/Amis/Oman.xml
Text: (( )

File: /Users/jkhartshorne/Documents/Projects/Formosan/Formosan-Wikipedias/Final_XML/Amis/Panama.xml
Text: (( )

File: /Users/jkhartshorne/Documents/Projects/Formosan/Formosan-Wikipedias/Final_XML/Amis/Switzerland.xml
Text: (( )

File: /Users/jkhartshorne/Documents/Projects/Formosan/Formosan-Wikipedias/Final_XML/Amis/Costa_riga.xml
Text: (( )

File: /Users/jkhartshorne/Documents/Projects/Formosan/Formosan-Wikipedias/Final_XML/Amis/Midayhiw_ko_congtong_ci_Tsai_Ing-wen_to_sifo_a_mili‚Äôay_to_Yincuminco.xml
Text: ( .)

File: /Users/jkhartshorne/Documents/Projects/Formosan/Formosan-Wikipedias/Final_XML/Amis/Azerbaijan.xml
Text: (( )

File: /Users/jkhartshorne/Documents/Projects/Formosan/Formosan-Wikipedias/Final_XML/Amis/Germany.xml
Text: (( )

File: /Users/jkhartshorne/Documents/Projects/Formosan/Formosan-Wikipedias/Final_XML/Amis/Maldives.xml
Text: (( )

File: /Users/jkhartshorne/Documents/Projects/Formosan/Formosan-Wikipedias/Final_XML/Amis/Austria.xml
Text: (( )

File: /Users/jkhartshorne/Documents/Projects/Formosan/Formosan-Wikipedias/Final_XML/Amis/Rahu‚Äô.xml
Text: ( )

File: /Users/jkhartshorne/Documents/Projects/Formosan/Formosan-Wikipedias/Final_XML/Amis/Cao_Ailan.xml
Text: ( )

File: /Users/jkhartshorne/Documents/Projects/Formosan/Formosan-Wikipedias/Final_XML/Amis/Spain.xml
Text: (( )

File: /Users/jkhartshorne/Documents/Projects/Formosan/Formosan-Wikipedias/Final_XML/Amis/Italy.xml
Text: (( )

File: /Users/jkhartshorne/Documents/Projects/Formosan/Formosan-Wikipedias/Final_XML/Amis/O_paini_to_sowal_no_congtong_ci_Cayingwen_‚Äú2024_sakipafilongan_a_sowal‚Äù.xml
Text: ( ")

File: /Users/jkhartshorne/Documents/Projects/Formosan/Formosan-Wikipedias/Final_XML/Amis/Puerto_rico.xml
Text: (( )

File: /Users/jkhartshorne/Documents/Projects/Formosan/Formosan-Wikipedias/Final_XML/Amis/Peru.xml
Text: (( )

File: /Users/jkhartshorne/Documents/Projects/Formosan/Formosan-Wikipedias/Final_XML/Amis/Jordan.xml
Text: (( )

File: /Users/jkhartshorne/Documents/Projects/Formosan/Formosan-Wikipedias/Final_XML/Seediq/Hong_Kong.xml
Text: ( )

File: /Users/jkhartshorne/Documents/Projects/Formosan/Formosan-Wikipedias/Final_XML/Seediq/Hong_Kong.xml
Text: ( )

File: /Users/jkhartshorne/Documents/Projects/Formosan/Formosan-Wikipedias/Final_XML/Seediq/Kurgyzstan.xml
Text: ( )

File: /Users/jkhartshorne/Documents/Projects/Formosan/Formosan-Wikipedias/Final_XML/Seediq/Kari_rudan_cbeyo_ka_seediq_mbtunux_togang(baro)_-_Kavalan.xml
Text: ( )

File: /Users/jkhartshorne/Documents/Projects/Formosan/Formosan-Wikipedias/Final_XML/Seediq/Cayamavana.xml
Text: ( )

File: /Users/jkhartshorne/Documents/Projects/Formosan/Formosan-Wikipedias/Final_XML/Seediq/Pala_paru.xml
Text: (?)

File: /Users/jkhartshorne/Documents/Projects/Formosan/Formosan-Wikipedias/Final_XML/Seediq/Patis_hengak_skklangan.xml
Text: ( )

File: /Users/jkhartshorne/Documents/Projects/Formosan/Formosan-Wikipedias/Final_XML/Seediq/Patis_hengak_skklangan.xml
Text: ( )

File: /Users/jkhartshorne/Documents/Projects/Formosan/Formosan-Wikipedias/Final_XML/Seediq/Patis_hengak_skklangan.xml
Text: ( )

File: /Users/jkhartshorne/Documents/Projects/Formosan/Formosan-Wikipedias/Final_XML/Seediq/Poryo.xml
Text: ( )

File: /Users/jkhartshorne/Documents/Projects/Formosan/Formosan-Wikipedias/Final_XML/Seediq/Poryo.xml
Text: ( )

File: /Users/jkhartshorne/Documents/Projects/Formosan/Formosan-Wikipedias/Final_XML/Seediq/Kari_rudan_cbeyo_ka_seediq_mbtunux_togang(truma)_-_Kavalan.xml
Text: ( )

File: /Users/jkhartshorne/Documents/Projects/Formosan/Formosan-Wikipedias/Final_XML/Seediq/Greece.xml
Text: ( )

File: /Users/jkhartshorne/Documents/Projects/Formosan/Formosan-Wikipedias/Final_XML/Seediq/Italy.xml
Text: ( )

File: /Users/jkhartshorne/Documents/Projects/Formosan/Formosan-Wikipedias/Final_XML/Seediq/Palau.xml
Text: ( )

File: /Users/jkhartshorne/Documents/Projects/Formosan/Formosan-Wikipedias/Final_XML/Seediq/Palau.xml
Text: ( )

File: /Users/jkhartshorne/Documents/Projects/Formosan/Formosan-Wikipedias/Final_XML/Seediq/Patis_hengak_kkklangan.xml
Text: ( )

File: /Users/jkhartshorne/Documents/Projects/Formosan/Formosan-Wikipedias/Final_XML/Seediq/Patis_hengak_kkklangan.xml
Text: ( )

File: /Users/jkhartshorne/Documents/Projects/Formosan/Formosan-Wikipedias/Final_XML/Seediq/Patis_hengak_kkklangan.xml
Text: ( )

File: /Users/jkhartshorne/Documents/Projects/Formosan/Formosan-Wikipedias/Final_XML/Seediq/Pala_pungu.xml
Text: (?)

File: /Users/jkhartshorne/Documents/Projects/Formosan/Formosan-Wikipedias/Final_XML/Seediq/Pala_pungu.xml
Text: (?)

File: /Users/jkhartshorne/Documents/Projects/Formosan/Formosan-Wikipedias/Final_XML/Atayal/Central_african_republic.xml
Text: ( )

File: /Users/jkhartshorne/Documents/Projects/Formosan/Formosan-Wikipedias/Final_XML/Sakizaya/Keciwya_a_tademaw.xml
Text: ( )

File: /Users/jkhartshorne/Documents/Projects/Formosan/Formosan-Wikipedias/Final_XML/Sakizaya/siduka‚Äô_ku_banges.xml
Text: ( )

File: /Users/jkhartshorne/Documents/Projects/Formosan/Formosan-Wikipedias/Final_XML/Sakizaya/siduka‚Äô_ku_banges.xml
Text: ( )

File: /Users/jkhartshorne/Documents/Projects/Formosan/Formosan-Wikipedias/Final_XML/Sakizaya/Canmusekelakemakesewiy.xml
Text: ( )

File: /Users/jkhartshorne/Documents/Projects/Formosan/Formosan-Wikipedias/Final_XML/Sakizaya/paymuta.xml
Text: ( )

File: /Users/jkhartshorne/Documents/Projects/Formosan/Formosan-Wikipedias/Final_XML/Sakizaya/paymuta.xml
Text: ( )

File: /Users/jkhartshorne/Documents/Projects/Formosan/Formosan-Wikipedias/Final_XML/Sakizaya/paymuta.xml
Text: ( )

File: /Users/jkhartshorne/Documents/Projects/Formosan/Formosan-Wikipedias/Final_XML/Sakizaya/paymuta.xml
Text: ( )

File: /Users/jkhartshorne/Documents/Projects/Formosan/Formosan-Wikipedias/Final_XML/Sakizaya/Antu-wanlulunlawaciy.xml
Text: ( )

File: /Users/jkhartshorne/Documents/Projects/Formosan/Formosan-Wikipedias/Final_XML/Sakizaya/Yaciyana.xml
Text: ( )

File: /Users/jkhartshorne/Documents/Projects/Formosan/Formosan-Wikipedias/Final_XML/Sakizaya/Yaciyana.xml
Text: ( )

File: /Users/jkhartshorne/Documents/Projects/Formosan/Formosan-Wikipedias/Final_XML/Sakizaya/Yaciyana.xml
Text: ( )

File: /Users/jkhartshorne/Documents/Projects/Formosan/Formosan-Wikipedias/Final_XML/Sakizaya/Yaciyana.xml
Text: ( )

File: /Users/jkhartshorne/Documents/Projects/Formosan/Formosan-Wikipedias/Final_XML/Sakizaya/Ka-lma-ke-se.xml
Text: ( )

File: /Users/jkhartshorne/Documents/Projects/Formosan/Formosan-Wikipedias/Final_XML/Sakizaya/Cinpyan.xml
Text: ( )

File: /Users/jkhartshorne/Documents/Projects/Formosan/Formosan-Wikipedias/Final_XML/Sakizaya/Lubas-Mapalaway-nazipaan_nu_uzip-Panay(Lin_Xiang_Yu).xml
Text: ( )

File: /Users/jkhartshorne/Documents/Projects/Formosan/Formosan-Wikipedias/Final_XML/Sakizaya/Lubas-Mapalaway-nazipaan_nu_uzip-Panay(Lin_Xiang_Yu).xml
Text: ( )

File: /Users/jkhartshorne/Documents/Projects/Formosan/Formosan-Wikipedias/Final_XML/Sakizaya/Lubas-Mapalaway-nazipaan_nu_uzip-Panay(Lin_Xiang_Yu).xml
Text: ( )

File: /Users/jkhartshorne/Documents/Projects/Formosan/Formosan-Wikipedias/Final_XML/Sakizaya/tawiypuen.xml
Text: ( )

File: /Users/jkhartshorne/Documents/Projects/Formosan/Formosan-Wikipedias/Final_XML/Sakizaya/Uw-hu-kangpaw-li.xml
Text: ( )

File: /Users/jkhartshorne/Documents/Projects/Formosan/Formosan-Wikipedias/Final_XML/Sakizaya/Uw-hu-kangpaw-li.xml
Text: ( )

File: /Users/jkhartshorne/Documents/Projects/Formosan/Formosan-Wikipedias/Final_XML/Sakizaya/Uw-hu-kangpaw-li.xml
Text: ( )

File: /Users/jkhartshorne/Documents/Projects/Formosan/Formosan-Wikipedias/Final_XML/Sakizaya/sibatillay_a_imelang.xml
Text: ( )

File: /Users/jkhartshorne/Documents/Projects/Formosan/Formosan-Wikipedias/Final_XML/Sakizaya/tapiingan_nu_tangah_ku_a_dada.xml
Text: ( )

File: /Users/jkhartshorne/Documents/Projects/Formosan/Formosan-Wikipedias/Final_XML/Sakizaya/lima.xml
Text: ( )

File: /Users/jkhartshorne/Documents/Projects/Formosan/Formosan-Wikipedias/Final_XML/Sakizaya/Nikelitu_a_tademaw.xml
Text: ( )

File: /Users/jkhartshorne/Documents/Projects/Formosan/Formosan-Wikipedias/Final_XML/Sakizaya/Huwasa_ËèØÊ≤ô.xml
Text: ( )

File: /Users/jkhartshorne/Documents/Projects/Formosan/Formosan-Wikipedias/Final_XML/Sakizaya/Huwasa_ËèØÊ≤ô.xml
Text: ( )

File: /Users/jkhartshorne/Documents/Projects/Formosan/Formosan-Wikipedias/Final_XML/Sakizaya/Pancu.xml
Text: ( )

File: /Users/jkhartshorne/Documents/Projects/Formosan/Formosan-Wikipedias/Final_XML/Sakizaya/Pancu.xml
Text: ( )

File: /Users/jkhartshorne/Documents/Projects/Formosan/Formosan-Wikipedias/Final_XML/Sakizaya/Pancu.xml
Text: ( )

File: /Users/jkhartshorne/Documents/Projects/Formosan/Formosan-Wikipedias/Final_XML/Sakizaya/Pancu.xml
Text: ( )

File: /Users/jkhartshorne/Documents/Projects/Formosan/Formosan-Wikipedias/Final_XML/Sakizaya/U-ci-li-te.xml
Text: ( )

File: /Users/jkhartshorne/Documents/Projects/Formosan/Formosan-Wikipedias/Final_XML/Sakizaya/ulic-_u_sakamuwn_nu_Palaml_ngatu_tusa-_u_niyazu'_i_Pangcahay.xml
Text: ( )

File: /Users/jkhartshorne/Documents/Projects/Formosan/Formosan-Wikipedias/Final_XML/Sakizaya/Sutan.xml
Text: ( )

File: /Users/jkhartshorne/Documents/Projects/Formosan/Formosan-Wikipedias/Final_XML/Sakizaya/Sutan.xml
Text: ( )

File: /Users/jkhartshorne/Documents/Projects/Formosan/Formosan-Wikipedias/Final_XML/Sakizaya/ace-hay-mu-cen.xml
Text: ( )

File: /Users/jkhartshorne/Documents/Projects/Formosan/Formosan-Wikipedias/Final_XML/Sakizaya/Liykeyawiyke.xml
Text: ( )

File: /Users/jkhartshorne/Documents/Projects/Formosan/Formosan-Wikipedias/Final_XML/Sakizaya/Liykeyawiyke.xml
Text: ( )

File: /Users/jkhartshorne/Documents/Projects/Formosan/Formosan-Wikipedias/Final_XML/Sakizaya/macapi_ku_nipiadih.xml
Text: ( )

File: /Users/jkhartshorne/Documents/Projects/Formosan/Formosan-Wikipedias/Final_XML/Sakizaya/macapi_ku_nipiadih.xml
Text: ( )

File: /Users/jkhartshorne/Documents/Projects/Formosan/Formosan-Wikipedias/Final_XML/Sakizaya/macapi_ku_nipiadih.xml
Text: ( )

File: /Users/jkhartshorne/Documents/Projects/Formosan/Formosan-Wikipedias/Final_XML/Sakizaya/macapi_ku_nipiadih.xml
Text: ( )

File: /Users/jkhartshorne/Documents/Projects/Formosan/Formosan-Wikipedias/Final_XML/Sakizaya/papiti.xml
Text: ( )

File: /Users/jkhartshorne/Documents/Projects/Formosan/Formosan-Wikipedias/Final_XML/Sakizaya/papiti.xml
Text: ( )

File: /Users/jkhartshorne/Documents/Projects/Formosan/Formosan-Wikipedias/Final_XML/Sakizaya/papiti.xml
Text: ( )

File: /Users/jkhartshorne/Documents/Projects/Formosan/Formosan-Wikipedias/Final_XML/Sakizaya/papiti.xml
Text: ( )

File: /Users/jkhartshorne/Documents/Projects/Formosan/Formosan-Wikipedias/Final_XML/Sakizaya/papiti.xml
Text: ( )

File: /Users/jkhartshorne/Documents/Projects/Formosan/Formosan-Wikipedias/Final_XML/Sakizaya/Yi-nen-ka-ci.xml
Text: ( )

File: /Users/jkhartshorne/Documents/Projects/Formosan/Formosan-Wikipedias/Final_XML/Sakizaya/macumudan_nu_bali_ku_baluwang.xml
Text: ( )

File: /Users/jkhartshorne/Documents/Projects/Formosan/Formosan-Wikipedias/Final_XML/Sakizaya/macumudan_nu_bali_ku_baluwang.xml
Text: ( )

File: /Users/jkhartshorne/Documents/Projects/Formosan/Formosan-Wikipedias/Final_XML/Sakizaya/Ji‚Äôan.xml
Text: ( )

File: /Users/jkhartshorne/Documents/Projects/Formosan/Formosan-Wikipedias/Final_XML/Sakizaya/Asetana.xml
Text: ( )

File: /Users/jkhartshorne/Documents/Projects/Formosan/Formosan-Wikipedias/Final_XML/Sakizaya/Asetana.xml
Text: ( )

File: /Users/jkhartshorne/Documents/Projects/Formosan/Formosan-Wikipedias/Final_XML/Sakizaya/ulic-_u_sakamuwen_nu_Palaml_ngatu_lima-_malapulung_tu_Pangcah.xml
Text: ( )

File: /Users/jkhartshorne/Documents/Projects/Formosan/Formosan-Wikipedias/Final_XML/Sakizaya/Nuke.xml
Text: ( )

File: /Users/jkhartshorne/Documents/Projects/Formosan/Formosan-Wikipedias/Final_XML/Sakizaya/Nuke.xml
Text: ( )

File: /Users/jkhartshorne/Documents/Projects/Formosan/Formosan-Wikipedias/Final_XML/Sakizaya/Musi.xml
Text: ( )

File: /Users/jkhartshorne/Documents/Projects/Formosan/Formosan-Wikipedias/Final_XML/Sakizaya/Ya-tang-se-mi-si.xml
Text: ( )

File: /Users/jkhartshorne/Documents/Projects/Formosan/Formosan-Wikipedias/Final_XML/Sakizaya/tay-ce-_a_munatu.xml
Text: ( )

File: /Users/jkhartshorne/Documents/Projects/Formosan/Formosan-Wikipedias/Final_XML/Sakizaya/tay-ce-_a_munatu.xml
Text: ( )

File: /Users/jkhartshorne/Documents/Projects/Formosan/Formosan-Wikipedias/Final_XML/Sakizaya/tay-ce-_a_munatu.xml
Text: ( )

File: /Users/jkhartshorne/Documents/Projects/Formosan/Formosan-Wikipedias/Final_XML/Sakizaya/tay-ce-_a_munatu.xml
Text: ( )

File: /Users/jkhartshorne/Documents/Projects/Formosan/Formosan-Wikipedias/Final_XML/Sakizaya/2017_a_mihca_nangayaw_139_a_mihca_‚Äì_Sakizaya_Palamal_u_laylay_nu_lisin.xml
Text: ( )

File: /Users/jkhartshorne/Documents/Projects/Formosan/Formosan-Wikipedias/Final_XML/Sakizaya/2017_a_mihca_nangayaw_139_a_mihca_‚Äì_Sakizaya_Palamal_u_laylay_nu_lisin.xml
Text: ( )

File: /Users/jkhartshorne/Documents/Projects/Formosan/Formosan-Wikipedias/Final_XML/Sakizaya/2017_a_mihca_nangayaw_139_a_mihca_‚Äì_Sakizaya_Palamal_u_laylay_nu_lisin.xml
Text: ( )

File: /Users/jkhartshorne/Documents/Projects/Formosan/Formosan-Wikipedias/Final_XML/Sakizaya/2017_a_mihca_nangayaw_139_a_mihca_‚Äì_Sakizaya_Palamal_u_laylay_nu_lisin.xml
Text: ( )

File: /Users/jkhartshorne/Documents/Projects/Formosan/Formosan-Wikipedias/Final_XML/Sakizaya/2017_a_mihca_nangayaw_139_a_mihca_‚Äì_Sakizaya_Palamal_u_laylay_nu_lisin.xml
Text: ( )

File: /Users/jkhartshorne/Documents/Projects/Formosan/Formosan-Wikipedias/Final_XML/Sakizaya/2017_a_mihca_nangayaw_139_a_mihca_‚Äì_Sakizaya_Palamal_u_laylay_nu_lisin.xml
Text: ( )

File: /Users/jkhartshorne/Documents/Projects/Formosan/Formosan-Wikipedias/Final_XML/Sakizaya/Hawana.xml
Text: ( )

File: /Users/jkhartshorne/Documents/Projects/Formosan/Formosan-Wikipedias/Final_XML/Sakizaya/Yicunan.xml
Text: ( )

File: /Users/jkhartshorne/Documents/Projects/Formosan/Formosan-Wikipedias/Final_XML/Sakizaya/Yicunan.xml
Text: ( )

File: /Users/jkhartshorne/Documents/Projects/Formosan/Formosan-Wikipedias/Final_XML/Sakizaya/Yicunan.xml
Text: ( )

File: /Users/jkhartshorne/Documents/Projects/Formosan/Formosan-Wikipedias/Final_XML/Sakizaya/Yicunan.xml
Text: ( )

File: /Users/jkhartshorne/Documents/Projects/Formosan/Formosan-Wikipedias/Final_XML/Sakizaya/Yicunan.xml
Text: ( )

File: /Users/jkhartshorne/Documents/Projects/Formosan/Formosan-Wikipedias/Final_XML/Sakizaya/matenes_namukatuepah_macanais.xml
Text: ( )

File: /Users/jkhartshorne/Documents/Projects/Formosan/Formosan-Wikipedias/Final_XML/Sakizaya/matenes_namukatuepah_macanais.xml
Text: ( )

File: /Users/jkhartshorne/Documents/Projects/Formosan/Formosan-Wikipedias/Final_XML/Sakizaya/Senhesi_‚Äúkesetaliciya‚Äù.xml
Text: ( )

File: /Users/jkhartshorne/Documents/Projects/Formosan/Formosan-Wikipedias/Final_XML/Sakizaya/SenhuanËÅñËÉ°ÂÆâ_(Ê≥¢Â§öÈªéÂêÑ).xml
Text: ( )

File: /Users/jkhartshorne/Documents/Projects/Formosan/Formosan-Wikipedias/Final_XML/Sakizaya/naw-mu-yin.xml
Text: ( )

File: /Users/jkhartshorne/Documents/Projects/Formosan/Formosan-Wikipedias/Final_XML/Sakizaya/amisdayang.xml
Text: ( )

File: /Users/jkhartshorne/Documents/Projects/Formosan/Formosan-Wikipedias/Final_XML/Sakizaya/Uwtayhuwa.xml
Text: ( )

File: /Users/jkhartshorne/Documents/Projects/Formosan/Formosan-Wikipedias/Final_XML/Sakizaya/adidi‚Äôay_a_sawada.xml
Text: ( )

File: /Users/jkhartshorne/Documents/Projects/Formosan/Formosan-Wikipedias/Final_XML/Sakizaya/adidi‚Äôay_a_sawada.xml
Text: ( )

File: /Users/jkhartshorne/Documents/Projects/Formosan/Formosan-Wikipedias/Final_XML/Sakizaya/adidi‚Äôay_a_sawada.xml
Text: ( )

File: /Users/jkhartshorne/Documents/Projects/Formosan/Formosan-Wikipedias/Final_XML/Sakizaya/adidi‚Äôay_a_sawada.xml
Text: ( )

File: /Users/jkhartshorne/Documents/Projects/Formosan/Formosan-Wikipedias/Final_XML/Sakizaya/adidi‚Äôay_a_sawada.xml
Text: ( )

File: /Users/jkhartshorne/Documents/Projects/Formosan/Formosan-Wikipedias/Final_XML/Sakizaya/Puketa.xml
Text: ( )

File: /Users/jkhartshorne/Documents/Projects/Formosan/Formosan-Wikipedias/Final_XML/Sakizaya/Puketa.xml
Text: ( )

File: /Users/jkhartshorne/Documents/Projects/Formosan/Formosan-Wikipedias/Final_XML/Sakizaya/Na-pu-lun-sakacacay.xml
Text: ( )

File: /Users/jkhartshorne/Documents/Projects/Formosan/Formosan-Wikipedias/Final_XML/Sakizaya/Sedi‚Äôk.xml
Text: ( )

File: /Users/jkhartshorne/Documents/Projects/Formosan/Formosan-Wikipedias/Final_XML/Sakizaya/Nansutan.xml
Text: ( )

File: /Users/jkhartshorne/Documents/Projects/Formosan/Formosan-Wikipedias/Final_XML/Sakizaya/u_hayali_nu_tangah.xml
Text: ( )

File: /Users/jkhartshorne/Documents/Projects/Formosan/Formosan-Wikipedias/Final_XML/Sakizaya/u_hayali_nu_tangah.xml
Text: ( )

File: /Users/jkhartshorne/Documents/Projects/Formosan/Formosan-Wikipedias/Final_XML/Sakizaya/Kelistuhukelunpu.xml
Text: ( )

File: /Users/jkhartshorne/Documents/Projects/Formosan/Formosan-Wikipedias/Final_XML/Sakizaya/Tekusiciyapahungtulas.xml
Text: ( )

File: /Users/jkhartshorne/Documents/Projects/Formosan/Formosan-Wikipedias/Final_XML/Sakizaya/Tekusiciyapahungtulas.xml
Text: ( )

File: /Users/jkhartshorne/Documents/Projects/Formosan/Formosan-Wikipedias/Final_XML/Sakizaya/Tekusiciyapahungtulas.xml
Text: ( )

File: /Users/jkhartshorne/Documents/Projects/Formosan/Formosan-Wikipedias/Final_XML/Sakizaya/Tipilisi.xml
Text: ( )

File: /Users/jkhartshorne/Documents/Projects/Formosan/Formosan-Wikipedias/Final_XML/Sakizaya/Tipilisi.xml
Text: ( )

File: /Users/jkhartshorne/Documents/Projects/Formosan/Formosan-Wikipedias/Final_XML/Sakizaya/Tipilisi.xml
Text: ( )

File: /Users/jkhartshorne/Documents/Projects/Formosan/Formosan-Wikipedias/Final_XML/Sakizaya/Lubas-Mapalaway-nazipaan_nu_uzip-Dungy_Sela_(Yen_Yi_Chia).xml
Text: ( )

File: /Users/jkhartshorne/Documents/Projects/Formosan/Formosan-Wikipedias/Final_XML/Sakizaya/Lubas-Mapalaway-nazipaan_nu_uzip-Dungy_Sela_(Yen_Yi_Chia).xml
Text: ( )

File: /Users/jkhartshorne/Documents/Projects/Formosan/Formosan-Wikipedias/Final_XML/Sakizaya/Yi-hantawl-tun.xml
Text: ( )

File: /Users/jkhartshorne/Documents/Projects/Formosan/Formosan-Wikipedias/Final_XML/Sakizaya/Yihannisekutenpaw.xml
Text: ( )

File: /Users/jkhartshorne/Documents/Projects/Formosan/Formosan-Wikipedias/Final_XML/Sakizaya/kitu.xml
Text: ( )

File: /Users/jkhartshorne/Documents/Projects/Formosan/Formosan-Wikipedias/Final_XML/Sakizaya/kitu.xml
Text: ( )

File: /Users/jkhartshorne/Documents/Projects/Formosan/Formosan-Wikipedias/Final_XML/Sakizaya/kitu.xml
Text: ( )

File: /Users/jkhartshorne/Documents/Projects/Formosan/Formosan-Wikipedias/Final_XML/Sakizaya/Suylmicidekay_a_tukay.xml
Text: ( )

File: /Users/jkhartshorne/Documents/Projects/Formosan/Formosan-Wikipedias/Final_XML/Sakizaya/Suylmicidekay_a_tukay.xml
Text: ( )

File: /Users/jkhartshorne/Documents/Projects/Formosan/Formosan-Wikipedias/Final_XML/Sakizaya/Payl-mu-pang.xml
Text: ( )

File: /Users/jkhartshorne/Documents/Projects/Formosan/Formosan-Wikipedias/Final_XML/Sakizaya/Payl-mu-pang.xml
Text: ( )

File: /Users/jkhartshorne/Documents/Projects/Formosan/Formosan-Wikipedias/Final_XML/Sakizaya/Payl-mu-pang.xml
Text: ( )

File: /Users/jkhartshorne/Documents/Projects/Formosan/Formosan-Wikipedias/Final_XML/Sakizaya/Payl-mu-pang.xml
Text: ( )

File: /Users/jkhartshorne/Documents/Projects/Formosan/Formosan-Wikipedias/Final_XML/Sakizaya/Payl-mu-pang.xml
Text: ( )

File: /Users/jkhartshorne/Documents/Projects/Formosan/Formosan-Wikipedias/Final_XML/Sakizaya/Pawlu.xml
Text: ( )

File: /Users/jkhartshorne/Documents/Projects/Formosan/Formosan-Wikipedias/Final_XML/Sakizaya/Senpite_minatu.xml
Text: ( )

File: /Users/jkhartshorne/Documents/Projects/Formosan/Formosan-Wikipedias/Final_XML/Sakizaya/Senpite_minatu.xml
Text: ( )

File: /Users/jkhartshorne/Documents/Projects/Formosan/Formosan-Wikipedias/Final_XML/Sakizaya/Senpite_minatu.xml
Text: ( )

File: /Users/jkhartshorne/Documents/Projects/Formosan/Formosan-Wikipedias/Final_XML/Sakizaya/yaunte.xml
Text: ( )

File: /Users/jkhartshorne/Documents/Projects/Formosan/Formosan-Wikipedias/Final_XML/Sakizaya/yaunte.xml
Text: ( )

File: /Users/jkhartshorne/Documents/Projects/Formosan/Formosan-Wikipedias/Final_XML/Sakizaya/yaunte.xml
Text: ( )

File: /Users/jkhartshorne/Documents/Projects/Formosan/Formosan-Wikipedias/Final_XML/Sakizaya/Tili.xml
Text: ( )

File: /Users/jkhartshorne/Documents/Projects/Formosan/Formosan-Wikipedias/Final_XML/Sakizaya/Tili.xml
Text: ( )

File: /Users/jkhartshorne/Documents/Projects/Formosan/Formosan-Wikipedias/Final_XML/Sakizaya/Halalay.xml
Text: ( )

File: /Users/jkhartshorne/Documents/Projects/Formosan/Formosan-Wikipedias/Final_XML/Sakizaya/Halalay.xml
Text: ( )

File: /Users/jkhartshorne/Documents/Projects/Formosan/Formosan-Wikipedias/Final_XML/Sakizaya/Halalay.xml
Text: ( )

File: /Users/jkhartshorne/Documents/Projects/Formosan/Formosan-Wikipedias/Final_XML/Sakizaya/ci_Kanu-tadau.xml
Text: ( )

File: /Users/jkhartshorne/Documents/Projects/Formosan/Formosan-Wikipedias/Final_XML/Sakizaya/ci_Kanu-tadau.xml
Text: ( )

File: /Users/jkhartshorne/Documents/Projects/Formosan/Formosan-Wikipedias/Final_XML/Sakizaya/Luyi_pasete.xml
Text: ( )

File: /Users/jkhartshorne/Documents/Projects/Formosan/Formosan-Wikipedias/Final_XML/Sakizaya/Suhuyya.xml
Text: ( )

File: /Users/jkhartshorne/Documents/Projects/Formosan/Formosan-Wikipedias/Final_XML/Sakizaya/Suhuyya.xml
Text: ( )

File: /Users/jkhartshorne/Documents/Projects/Formosan/Formosan-Wikipedias/Final_XML/Sakizaya/Suhuyya.xml
Text: ( )

File: /Users/jkhartshorne/Documents/Projects/Formosan/Formosan-Wikipedias/Final_XML/Sakizaya/Ey-men.xml
Text: ( )

File: /Users/jkhartshorne/Documents/Projects/Formosan/Formosan-Wikipedias/Final_XML/Sakizaya/Ey-men.xml
Text: ( )

File: /Users/jkhartshorne/Documents/Projects/Formosan/Formosan-Wikipedias/Final_XML/Sakizaya/Ey-men.xml
Text: ( )

File: /Users/jkhartshorne/Documents/Projects/Formosan/Formosan-Wikipedias/Final_XML/Sakizaya/ungay_a_binacadan.xml
Text: ( )

File: /Users/jkhartshorne/Documents/Projects/Formosan/Formosan-Wikipedias/Final_XML/Sakizaya/ungay_a_binacadan.xml
Text: ( )

File: /Users/jkhartshorne/Documents/Projects/Formosan/Formosan-Wikipedias/Final_XML/Sakizaya/Si-kung_kitidaan.xml
Text: ( )

File: C:\Users\alexa\Documents\GitHub\FormosanBank\Corpora\Wikipedias\CodeAndDocs\Final_XML\Amis\Azerbaijan.xml
Text: (( )

File: C:\Users\alexa\Documents\GitHub\FormosanBank\Corpora\Wikipedias\CodeAndDocs\Final_XML\Amis\Cao_Ailan.xml
Text: (  )

File: C:\Users\alexa\Documents\GitHub\FormosanBank\Corpora\Wikipedias\CodeAndDocs\Final_XML\Amis\Cay_Ing-wen.xml
Text: ( )

File: C:\Users\alexa\Documents\GitHub\FormosanBank\Corpora\Wikipedias\CodeAndDocs\Final_XML\Amis\Cay_Ing-wen_2024_pafilongan_a_sowal.xml
Text: ( ")

File: C:\Users\alexa\Documents\GitHub\FormosanBank\Corpora\Wikipedias\CodeAndDocs\Final_XML\Amis\Costa_riga.xml
Text: (( )

File: C:\Users\alexa\Documents\GitHub\FormosanBank\Corpora\Wikipedias\CodeAndDocs\Final_XML\Amis\Germany.xml
Text: (( )

File: C:\Users\alexa\Documents\GitHub\FormosanBank\Corpora\Wikipedias\CodeAndDocs\Final_XML\Amis\Hong_Kong.xml
Text: (( )

File: C:\Users\alexa\Documents\GitHub\FormosanBank\Corpora\Wikipedias\CodeAndDocs\Final_XML\Amis\Hungary.xml
Text: ( )

File: C:\Users\alexa\Documents\GitHub\FormosanBank\Corpora\Wikipedias\CodeAndDocs\Final_XML\Amis\Italy.xml
Text: (( )

File: C:\Users\alexa\Documents\GitHub\FormosanBank\Corpora\Wikipedias\CodeAndDocs\Final_XML\Amis\Jordan.xml
Text: (( )

File: C:\Users\alexa\Documents\GitHub\FormosanBank\Corpora\Wikipedias\CodeAndDocs\Final_XML\Amis\Kolong.xml
Text: ()

File: C:\Users\alexa\Documents\GitHub\FormosanBank\Corpora\Wikipedias\CodeAndDocs\Final_XML\Amis\Kolong.xml
Text: ()

File: C:\Users\alexa\Documents\GitHub\FormosanBank\Corpora\Wikipedias\CodeAndDocs\Final_XML\Amis\Lay_cing-te_pakatifac_to_singkiw.xml
Text: (  )

File: C:\Users\alexa\Documents\GitHub\FormosanBank\Corpora\Wikipedias\CodeAndDocs\Final_XML\Amis\Libya.xml
Text: (( )

File: C:\Users\alexa\Documents\GitHub\FormosanBank\Corpora\Wikipedias\CodeAndDocs\Final_XML\Amis\Macau.xml
Text: (( )

File: C:\Users\alexa\Documents\GitHub\FormosanBank\Corpora\Wikipedias\CodeAndDocs\Final_XML\Amis\Maldives.xml
Text: (( )

File: C:\Users\alexa\Documents\GitHub\FormosanBank\Corpora\Wikipedias\CodeAndDocs\Final_XML\Amis\Midayhiw_ko_congtong_ci_Tsai_Ing-wen_to_sifo_a_miliíay_to_Yincuminco.xml
Text: ( .)

File: C:\Users\alexa\Documents\GitHub\FormosanBank\Corpora\Wikipedias\CodeAndDocs\Final_XML\Amis\New_Zealand.xml
Text: (( )

File: C:\Users\alexa\Documents\GitHub\FormosanBank\Corpora\Wikipedias\CodeAndDocs\Final_XML\Amis\Oman.xml
Text: (( )

File: C:\Users\alexa\Documents\GitHub\FormosanBank\Corpora\Wikipedias\CodeAndDocs\Final_XML\Amis\O_paini_to_sowal_no_congtong_ci_Cayingwen_ì2024_sakipafilongan_a_sowalî.xml
Text: ( ")

File: C:\Users\alexa\Documents\GitHub\FormosanBank\Corpora\Wikipedias\CodeAndDocs\Final_XML\Amis\Panama.xml
Text: (( )

File: C:\Users\alexa\Documents\GitHub\FormosanBank\Corpora\Wikipedias\CodeAndDocs\Final_XML\Amis\Peru.xml
Text: (( )

File: C:\Users\alexa\Documents\GitHub\FormosanBank\Corpora\Wikipedias\CodeAndDocs\Final_XML\Amis\Poland.xml
Text: (( )

File: C:\Users\alexa\Documents\GitHub\FormosanBank\Corpora\Wikipedias\CodeAndDocs\Final_XML\Amis\Puerto_rico.xml
Text: (( )

File: C:\Users\alexa\Documents\GitHub\FormosanBank\Corpora\Wikipedias\CodeAndDocs\Final_XML\Amis\Rahuí.xml
Text: ( )

File: C:\Users\alexa\Documents\GitHub\FormosanBank\Corpora\Wikipedias\CodeAndDocs\Final_XML\Amis\Sao_tome_and_principe.xml
Text: (( )

File: C:\Users\alexa\Documents\GitHub\FormosanBank\Corpora\Wikipedias\CodeAndDocs\Final_XML\Amis\Siri.xml
Text: ()

File: C:\Users\alexa\Documents\GitHub\FormosanBank\Corpora\Wikipedias\CodeAndDocs\Final_XML\Amis\Siri.xml
Text: ()

File: C:\Users\alexa\Documents\GitHub\FormosanBank\Corpora\Wikipedias\CodeAndDocs\Final_XML\Amis\South_sudan.xml
Text: (( )

File: C:\Users\alexa\Documents\GitHub\FormosanBank\Corpora\Wikipedias\CodeAndDocs\Final_XML\Amis\Spain.xml
Text: (( )

File: C:\Users\alexa\Documents\GitHub\FormosanBank\Corpora\Wikipedias\CodeAndDocs\Final_XML\Amis\Switzerland.xml
Text: (( )

File: C:\Users\alexa\Documents\GitHub\FormosanBank\Corpora\Wikipedias\CodeAndDocs\Final_XML\Amis\Syria.xml
Text: (( )

File: C:\Users\alexa\Documents\GitHub\FormosanBank\Corpora\Wikipedias\CodeAndDocs\Final_XML\Seediq\Cayamavana.xml
Text: ( )

File: C:\Users\alexa\Documents\GitHub\FormosanBank\Corpora\Wikipedias\CodeAndDocs\Final_XML\Seediq\Greece.xml
Text: ( )

File: C:\Users\alexa\Documents\GitHub\FormosanBank\Corpora\Wikipedias\CodeAndDocs\Final_XML\Seediq\Hong_Kong.xml
Text: ( )

File: C:\Users\alexa\Documents\GitHub\FormosanBank\Corpora\Wikipedias\CodeAndDocs\Final_XML\Seediq\Hong_Kong.xml
Text: ( )

File: C:\Users\alexa\Documents\GitHub\FormosanBank\Corpora\Wikipedias\CodeAndDocs\Final_XML\Seediq\Italy.xml
Text: ( )

File: C:\Users\alexa\Documents\GitHub\FormosanBank\Corpora\Wikipedias\CodeAndDocs\Final_XML\Seediq\Kari_rudan_cbeyo_ka_seediq_mbtunux_togang(baro)_-_Kavalan.xml
Text: (    )

File: C:\Users\alexa\Documents\GitHub\FormosanBank\Corpora\Wikipedias\CodeAndDocs\Final_XML\Seediq\Kari_rudan_cbeyo_ka_seediq_mbtunux_togang(truma)_-_Kavalan.xml
Text: (    )

File: C:\Users\alexa\Documents\GitHub\FormosanBank\Corpora\Wikipedias\CodeAndDocs\Final_XML\Seediq\Kurgyzstan.xml
Text: ( )

File: C:\Users\alexa\Documents\GitHub\FormosanBank\Corpora\Wikipedias\CodeAndDocs\Final_XML\Seediq\Palau.xml
Text: ( )

File: C:\Users\alexa\Documents\GitHub\FormosanBank\Corpora\Wikipedias\CodeAndDocs\Final_XML\Seediq\Palau.xml
Text: ( )

File: C:\Users\alexa\Documents\GitHub\FormosanBank\Corpora\Wikipedias\CodeAndDocs\Final_XML\Seediq\Pala_paru.xml
Text: (?)

File: C:\Users\alexa\Documents\GitHub\FormosanBank\Corpora\Wikipedias\CodeAndDocs\Final_XML\Seediq\Pala_pungu.xml
Text: (?)

File: C:\Users\alexa\Documents\GitHub\FormosanBank\Corpora\Wikipedias\CodeAndDocs\Final_XML\Seediq\Pala_pungu.xml
Text: (?)

File: C:\Users\alexa\Documents\GitHub\FormosanBank\Corpora\Wikipedias\CodeAndDocs\Final_XML\Seediq\Patis_hengak_kkklangan.xml
Text: ( )

File: C:\Users\alexa\Documents\GitHub\FormosanBank\Corpora\Wikipedias\CodeAndDocs\Final_XML\Seediq\Patis_hengak_kkklangan.xml
Text: ( )

File: C:\Users\alexa\Documents\GitHub\FormosanBank\Corpora\Wikipedias\CodeAndDocs\Final_XML\Seediq\Patis_hengak_kkklangan.xml
Text: ( )

File: C:\Users\alexa\Documents\GitHub\FormosanBank\Corpora\Wikipedias\CodeAndDocs\Final_XML\Seediq\Patis_hengak_skklangan.xml
Text: ( )

File: C:\Users\alexa\Documents\GitHub\FormosanBank\Corpora\Wikipedias\CodeAndDocs\Final_XML\Seediq\Patis_hengak_skklangan.xml
Text: ( )

File: C:\Users\alexa\Documents\GitHub\FormosanBank\Corpora\Wikipedias\CodeAndDocs\Final_XML\Seediq\Patis_hengak_skklangan.xml
Text: ( )

File: C:\Users\alexa\Documents\GitHub\FormosanBank\Corpora\Wikipedias\CodeAndDocs\Final_XML\Seediq\Poryo.xml
Text: ( )

File: C:\Users\alexa\Documents\GitHub\FormosanBank\Corpora\Wikipedias\CodeAndDocs\Final_XML\Seediq\Poryo.xml
Text: ( )

File: C:\Users\alexa\Documents\GitHub\FormosanBank\Corpora\Wikipedias\CodeAndDocs\Final_XML\Atayal\Central_african_republic.xml
Text: ( )

File: C:\Users\alexa\Documents\GitHub\FormosanBank\Corpora\Wikipedias\CodeAndDocs\Final_XML\Sakizaya\2017_a_mihca_nangayaw_139_a_mihca_ñ_Sakizaya_Palamal_u_laylay_nu_lisin.xml
Text: (  )

File: C:\Users\alexa\Documents\GitHub\FormosanBank\Corpora\Wikipedias\CodeAndDocs\Final_XML\Sakizaya\2017_a_mihca_nangayaw_139_a_mihca_ñ_Sakizaya_Palamal_u_laylay_nu_lisin.xml
Text: (  )

File: C:\Users\alexa\Documents\GitHub\FormosanBank\Corpora\Wikipedias\CodeAndDocs\Final_XML\Sakizaya\2017_a_mihca_nangayaw_139_a_mihca_ñ_Sakizaya_Palamal_u_laylay_nu_lisin.xml
Text: (  )

File: C:\Users\alexa\Documents\GitHub\FormosanBank\Corpora\Wikipedias\CodeAndDocs\Final_XML\Sakizaya\2017_a_mihca_nangayaw_139_a_mihca_ñ_Sakizaya_Palamal_u_laylay_nu_lisin.xml
Text: (  )

File: C:\Users\alexa\Documents\GitHub\FormosanBank\Corpora\Wikipedias\CodeAndDocs\Final_XML\Sakizaya\2017_a_mihca_nangayaw_139_a_mihca_ñ_Sakizaya_Palamal_u_laylay_nu_lisin.xml
Text: (  )

File: C:\Users\alexa\Documents\GitHub\FormosanBank\Corpora\Wikipedias\CodeAndDocs\Final_XML\Sakizaya\2017_a_mihca_nangayaw_139_a_mihca_ñ_Sakizaya_Palamal_u_laylay_nu_lisin.xml
Text: (  )

File: C:\Users\alexa\Documents\GitHub\FormosanBank\Corpora\Wikipedias\CodeAndDocs\Final_XML\Sakizaya\ace-hay-mu-cen.xml
Text: ( )

File: C:\Users\alexa\Documents\GitHub\FormosanBank\Corpora\Wikipedias\CodeAndDocs\Final_XML\Sakizaya\adidiíay_a_sawada.xml
Text: ( )

File: C:\Users\alexa\Documents\GitHub\FormosanBank\Corpora\Wikipedias\CodeAndDocs\Final_XML\Sakizaya\adidiíay_a_sawada.xml
Text: ( )

File: C:\Users\alexa\Documents\GitHub\FormosanBank\Corpora\Wikipedias\CodeAndDocs\Final_XML\Sakizaya\adidiíay_a_sawada.xml
Text: ( )

File: C:\Users\alexa\Documents\GitHub\FormosanBank\Corpora\Wikipedias\CodeAndDocs\Final_XML\Sakizaya\adidiíay_a_sawada.xml
Text: ( )

File: C:\Users\alexa\Documents\GitHub\FormosanBank\Corpora\Wikipedias\CodeAndDocs\Final_XML\Sakizaya\adidiíay_a_sawada.xml
Text: ( )

File: C:\Users\alexa\Documents\GitHub\FormosanBank\Corpora\Wikipedias\CodeAndDocs\Final_XML\Sakizaya\amisdayang.xml
Text: ( )

File: C:\Users\alexa\Documents\GitHub\FormosanBank\Corpora\Wikipedias\CodeAndDocs\Final_XML\Sakizaya\Antu-wanlulunlawaciy.xml
Text: ( )

File: C:\Users\alexa\Documents\GitHub\FormosanBank\Corpora\Wikipedias\CodeAndDocs\Final_XML\Sakizaya\Asetana.xml
Text: ( )

File: C:\Users\alexa\Documents\GitHub\FormosanBank\Corpora\Wikipedias\CodeAndDocs\Final_XML\Sakizaya\Asetana.xml
Text: ( )

File: C:\Users\alexa\Documents\GitHub\FormosanBank\Corpora\Wikipedias\CodeAndDocs\Final_XML\Sakizaya\Canmusekelakemakesewiy.xml
Text: ( )

File: C:\Users\alexa\Documents\GitHub\FormosanBank\Corpora\Wikipedias\CodeAndDocs\Final_XML\Sakizaya\Cinpyan.xml
Text: ( )

File: C:\Users\alexa\Documents\GitHub\FormosanBank\Corpora\Wikipedias\CodeAndDocs\Final_XML\Sakizaya\ci_Kanu-tadau.xml
Text: ( )

File: C:\Users\alexa\Documents\GitHub\FormosanBank\Corpora\Wikipedias\CodeAndDocs\Final_XML\Sakizaya\ci_Kanu-tadau.xml
Text: ( )

File: C:\Users\alexa\Documents\GitHub\FormosanBank\Corpora\Wikipedias\CodeAndDocs\Final_XML\Sakizaya\Ey-men.xml
Text: ( )

File: C:\Users\alexa\Documents\GitHub\FormosanBank\Corpora\Wikipedias\CodeAndDocs\Final_XML\Sakizaya\Ey-men.xml
Text: ( )

File: C:\Users\alexa\Documents\GitHub\FormosanBank\Corpora\Wikipedias\CodeAndDocs\Final_XML\Sakizaya\Ey-men.xml
Text: ( )

File: C:\Users\alexa\Documents\GitHub\FormosanBank\Corpora\Wikipedias\CodeAndDocs\Final_XML\Sakizaya\Halalay.xml
Text: ( )

File: C:\Users\alexa\Documents\GitHub\FormosanBank\Corpora\Wikipedias\CodeAndDocs\Final_XML\Sakizaya\Halalay.xml
Text: ( )

File: C:\Users\alexa\Documents\GitHub\FormosanBank\Corpora\Wikipedias\CodeAndDocs\Final_XML\Sakizaya\Halalay.xml
Text: ( )

File: C:\Users\alexa\Documents\GitHub\FormosanBank\Corpora\Wikipedias\CodeAndDocs\Final_XML\Sakizaya\Hawana.xml
Text: ( )

File: C:\Users\alexa\Documents\GitHub\FormosanBank\Corpora\Wikipedias\CodeAndDocs\Final_XML\Sakizaya\Huwasa_ËèØÊ≤ô.xml
Text: ( )

File: C:\Users\alexa\Documents\GitHub\FormosanBank\Corpora\Wikipedias\CodeAndDocs\Final_XML\Sakizaya\Huwasa_ËèØÊ≤ô.xml
Text: ( )

File: C:\Users\alexa\Documents\GitHub\FormosanBank\Corpora\Wikipedias\CodeAndDocs\Final_XML\Sakizaya\Ji‚Äôan.xml
Text: ( )

File: C:\Users\alexa\Documents\GitHub\FormosanBank\Corpora\Wikipedias\CodeAndDocs\Final_XML\Sakizaya\Ka-lma-ke-se.xml
Text: ( )

File: C:\Users\alexa\Documents\GitHub\FormosanBank\Corpora\Wikipedias\CodeAndDocs\Final_XML\Sakizaya\Keciwya_a_tademaw.xml
Text: ( )

File: C:\Users\alexa\Documents\GitHub\FormosanBank\Corpora\Wikipedias\CodeAndDocs\Final_XML\Sakizaya\Kelistuhukelunpu.xml
Text: ( )

File: C:\Users\alexa\Documents\GitHub\FormosanBank\Corpora\Wikipedias\CodeAndDocs\Final_XML\Sakizaya\kitu.xml
Text: ( )

File: C:\Users\alexa\Documents\GitHub\FormosanBank\Corpora\Wikipedias\CodeAndDocs\Final_XML\Sakizaya\kitu.xml
Text: ( )

File: C:\Users\alexa\Documents\GitHub\FormosanBank\Corpora\Wikipedias\CodeAndDocs\Final_XML\Sakizaya\kitu.xml
Text: ( )

File: C:\Users\alexa\Documents\GitHub\FormosanBank\Corpora\Wikipedias\CodeAndDocs\Final_XML\Sakizaya\lima.xml
Text: ( )

File: C:\Users\alexa\Documents\GitHub\FormosanBank\Corpora\Wikipedias\CodeAndDocs\Final_XML\Sakizaya\Liykeyawiyke.xml
Text: ( )

File: C:\Users\alexa\Documents\GitHub\FormosanBank\Corpora\Wikipedias\CodeAndDocs\Final_XML\Sakizaya\Liykeyawiyke.xml
Text: ( )

File: C:\Users\alexa\Documents\GitHub\FormosanBank\Corpora\Wikipedias\CodeAndDocs\Final_XML\Sakizaya\Lubas-Mapalaway-nazipaan_nu_uzip-Dungy_Sela_(Yen_Yi_Chia).xml
Text: ( )

File: C:\Users\alexa\Documents\GitHub\FormosanBank\Corpora\Wikipedias\CodeAndDocs\Final_XML\Sakizaya\Lubas-Mapalaway-nazipaan_nu_uzip-Dungy_Sela_(Yen_Yi_Chia).xml
Text: ( )

File: C:\Users\alexa\Documents\GitHub\FormosanBank\Corpora\Wikipedias\CodeAndDocs\Final_XML\Sakizaya\Lubas-Mapalaway-nazipaan_nu_uzip-Panay(Lin_Xiang_Yu).xml
Text: ( )

File: C:\Users\alexa\Documents\GitHub\FormosanBank\Corpora\Wikipedias\CodeAndDocs\Final_XML\Sakizaya\Lubas-Mapalaway-nazipaan_nu_uzip-Panay(Lin_Xiang_Yu).xml
Text: ( )

File: C:\Users\alexa\Documents\GitHub\FormosanBank\Corpora\Wikipedias\CodeAndDocs\Final_XML\Sakizaya\Lubas-Mapalaway-nazipaan_nu_uzip-Panay(Lin_Xiang_Yu).xml
Text: ( )

File: C:\Users\alexa\Documents\GitHub\FormosanBank\Corpora\Wikipedias\CodeAndDocs\Final_XML\Sakizaya\Luyi_pasete.xml
Text: ( )

File: C:\Users\alexa\Documents\GitHub\FormosanBank\Corpora\Wikipedias\CodeAndDocs\Final_XML\Sakizaya\macapi_ku_nipiadih.xml
Text: ( )

File: C:\Users\alexa\Documents\GitHub\FormosanBank\Corpora\Wikipedias\CodeAndDocs\Final_XML\Sakizaya\macapi_ku_nipiadih.xml
Text: ( )

File: C:\Users\alexa\Documents\GitHub\FormosanBank\Corpora\Wikipedias\CodeAndDocs\Final_XML\Sakizaya\macapi_ku_nipiadih.xml
Text: ( )

File: C:\Users\alexa\Documents\GitHub\FormosanBank\Corpora\Wikipedias\CodeAndDocs\Final_XML\Sakizaya\macapi_ku_nipiadih.xml
Text: ( )

File: C:\Users\alexa\Documents\GitHub\FormosanBank\Corpora\Wikipedias\CodeAndDocs\Final_XML\Sakizaya\macumudan_nu_bali_ku_baluwang.xml
Text: ( )

File: C:\Users\alexa\Documents\GitHub\FormosanBank\Corpora\Wikipedias\CodeAndDocs\Final_XML\Sakizaya\macumudan_nu_bali_ku_baluwang.xml
Text: ( )

File: C:\Users\alexa\Documents\GitHub\FormosanBank\Corpora\Wikipedias\CodeAndDocs\Final_XML\Sakizaya\matenes_namukatuepah_macanais.xml
Text: ( )

File: C:\Users\alexa\Documents\GitHub\FormosanBank\Corpora\Wikipedias\CodeAndDocs\Final_XML\Sakizaya\matenes_namukatuepah_macanais.xml
Text: ( )

File: C:\Users\alexa\Documents\GitHub\FormosanBank\Corpora\Wikipedias\CodeAndDocs\Final_XML\Sakizaya\Musi.xml
Text: ( )

File: C:\Users\alexa\Documents\GitHub\FormosanBank\Corpora\Wikipedias\CodeAndDocs\Final_XML\Sakizaya\Nansutan.xml
Text: ( )

File: C:\Users\alexa\Documents\GitHub\FormosanBank\Corpora\Wikipedias\CodeAndDocs\Final_XML\Sakizaya\naw-mu-yin.xml
Text: ( )

File: C:\Users\alexa\Documents\GitHub\FormosanBank\Corpora\Wikipedias\CodeAndDocs\Final_XML\Sakizaya\Nikelitu_a_tademaw.xml
Text: ( )

File: C:\Users\alexa\Documents\GitHub\FormosanBank\Corpora\Wikipedias\CodeAndDocs\Final_XML\Sakizaya\Nuke.xml
Text: ( )

File: C:\Users\alexa\Documents\GitHub\FormosanBank\Corpora\Wikipedias\CodeAndDocs\Final_XML\Sakizaya\Nuke.xml
Text: ( )

File: C:\Users\alexa\Documents\GitHub\FormosanBank\Corpora\Wikipedias\CodeAndDocs\Final_XML\Sakizaya\Pancu.xml
Text: ( )

File: C:\Users\alexa\Documents\GitHub\FormosanBank\Corpora\Wikipedias\CodeAndDocs\Final_XML\Sakizaya\Pancu.xml
Text: ( )

File: C:\Users\alexa\Documents\GitHub\FormosanBank\Corpora\Wikipedias\CodeAndDocs\Final_XML\Sakizaya\Pancu.xml
Text: ( )

File: C:\Users\alexa\Documents\GitHub\FormosanBank\Corpora\Wikipedias\CodeAndDocs\Final_XML\Sakizaya\Pancu.xml
Text: ( )

File: C:\Users\alexa\Documents\GitHub\FormosanBank\Corpora\Wikipedias\CodeAndDocs\Final_XML\Sakizaya\papiti.xml
Text: ( )

File: C:\Users\alexa\Documents\GitHub\FormosanBank\Corpora\Wikipedias\CodeAndDocs\Final_XML\Sakizaya\papiti.xml
Text: ( )

File: C:\Users\alexa\Documents\GitHub\FormosanBank\Corpora\Wikipedias\CodeAndDocs\Final_XML\Sakizaya\papiti.xml
Text: ( )

File: C:\Users\alexa\Documents\GitHub\FormosanBank\Corpora\Wikipedias\CodeAndDocs\Final_XML\Sakizaya\papiti.xml
Text: ( )

File: C:\Users\alexa\Documents\GitHub\FormosanBank\Corpora\Wikipedias\CodeAndDocs\Final_XML\Sakizaya\papiti.xml
Text: ( )

File: C:\Users\alexa\Documents\GitHub\FormosanBank\Corpora\Wikipedias\CodeAndDocs\Final_XML\Sakizaya\Pawlu.xml
Text: ( )

File: C:\Users\alexa\Documents\GitHub\FormosanBank\Corpora\Wikipedias\CodeAndDocs\Final_XML\Sakizaya\Payl-mu-pang.xml
Text: ( )

File: C:\Users\alexa\Documents\GitHub\FormosanBank\Corpora\Wikipedias\CodeAndDocs\Final_XML\Sakizaya\Payl-mu-pang.xml
Text: ( )

File: C:\Users\alexa\Documents\GitHub\FormosanBank\Corpora\Wikipedias\CodeAndDocs\Final_XML\Sakizaya\Payl-mu-pang.xml
Text: ( )

File: C:\Users\alexa\Documents\GitHub\FormosanBank\Corpora\Wikipedias\CodeAndDocs\Final_XML\Sakizaya\Payl-mu-pang.xml
Text: ( )

File: C:\Users\alexa\Documents\GitHub\FormosanBank\Corpora\Wikipedias\CodeAndDocs\Final_XML\Sakizaya\Payl-mu-pang.xml
Text: ( )

File: C:\Users\alexa\Documents\GitHub\FormosanBank\Corpora\Wikipedias\CodeAndDocs\Final_XML\Sakizaya\paymuta.xml
Text: ( )

File: C:\Users\alexa\Documents\GitHub\FormosanBank\Corpora\Wikipedias\CodeAndDocs\Final_XML\Sakizaya\paymuta.xml
Text: ( )

File: C:\Users\alexa\Documents\GitHub\FormosanBank\Corpora\Wikipedias\CodeAndDocs\Final_XML\Sakizaya\paymuta.xml
Text: ( )

File: C:\Users\alexa\Documents\GitHub\FormosanBank\Corpora\Wikipedias\CodeAndDocs\Final_XML\Sakizaya\paymuta.xml
Text: ( )

File: C:\Users\alexa\Documents\GitHub\FormosanBank\Corpora\Wikipedias\CodeAndDocs\Final_XML\Sakizaya\Puketa.xml
Text: ( )

File: C:\Users\alexa\Documents\GitHub\FormosanBank\Corpora\Wikipedias\CodeAndDocs\Final_XML\Sakizaya\Puketa.xml
Text: ( )

File: C:\Users\alexa\Documents\GitHub\FormosanBank\Corpora\Wikipedias\CodeAndDocs\Final_XML\Sakizaya\Sedi‚Äôk.xml
Text: ( )

File: C:\Users\alexa\Documents\GitHub\FormosanBank\Corpora\Wikipedias\CodeAndDocs\Final_XML\Sakizaya\Senhesi_‚Äúkesetaliciya‚Äù.xml
Text: ( )

File: C:\Users\alexa\Documents\GitHub\FormosanBank\Corpora\Wikipedias\CodeAndDocs\Final_XML\Sakizaya\SenhuanËÅñËÉ°ÂÆâ_(Ê≥¢Â§öÈªéÂêÑ).xml
Text: ( )

File: C:\Users\alexa\Documents\GitHub\FormosanBank\Corpora\Wikipedias\CodeAndDocs\Final_XML\Sakizaya\Senpite_minatu.xml
Text: ( )

File: C:\Users\alexa\Documents\GitHub\FormosanBank\Corpora\Wikipedias\CodeAndDocs\Final_XML\Sakizaya\Senpite_minatu.xml
Text: ( )

File: C:\Users\alexa\Documents\GitHub\FormosanBank\Corpora\Wikipedias\CodeAndDocs\Final_XML\Sakizaya\Senpite_minatu.xml
Text: ( )

File: C:\Users\alexa\Documents\GitHub\FormosanBank\Corpora\Wikipedias\CodeAndDocs\Final_XML\Sakizaya\Si-kung_kitidaan.xml
Text: ( )

File: C:\Users\alexa\Documents\GitHub\FormosanBank\Corpora\Wikipedias\CodeAndDocs\Final_XML\Sakizaya\sibatillay_a_imelang.xml
Text: ( )

File: C:\Users\alexa\Documents\GitHub\FormosanBank\Corpora\Wikipedias\CodeAndDocs\Final_XML\Sakizaya\siduka‚Äô_ku_banges.xml
Text: ( )

File: C:\Users\alexa\Documents\GitHub\FormosanBank\Corpora\Wikipedias\CodeAndDocs\Final_XML\Sakizaya\siduka‚Äô_ku_banges.xml
Text: ( )

File: C:\Users\alexa\Documents\GitHub\FormosanBank\Corpora\Wikipedias\CodeAndDocs\Final_XML\Sakizaya\Suhuyya.xml
Text: ( )

File: C:\Users\alexa\Documents\GitHub\FormosanBank\Corpora\Wikipedias\CodeAndDocs\Final_XML\Sakizaya\Suhuyya.xml
Text: ( )

File: C:\Users\alexa\Documents\GitHub\FormosanBank\Corpora\Wikipedias\CodeAndDocs\Final_XML\Sakizaya\Suhuyya.xml
Text: ( )

File: C:\Users\alexa\Documents\GitHub\FormosanBank\Corpora\Wikipedias\CodeAndDocs\Final_XML\Sakizaya\Sutan.xml
Text: ( )

File: C:\Users\alexa\Documents\GitHub\FormosanBank\Corpora\Wikipedias\CodeAndDocs\Final_XML\Sakizaya\Sutan.xml
Text: ( )

File: C:\Users\alexa\Documents\GitHub\FormosanBank\Corpora\Wikipedias\CodeAndDocs\Final_XML\Sakizaya\Suylmicidekay_a_tukay.xml
Text: ( )

File: C:\Users\alexa\Documents\GitHub\FormosanBank\Corpora\Wikipedias\CodeAndDocs\Final_XML\Sakizaya\Suylmicidekay_a_tukay.xml
Text: ( )

File: C:\Users\alexa\Documents\GitHub\FormosanBank\Corpora\Wikipedias\CodeAndDocs\Final_XML\Sakizaya\tapiingan_nu_tangah_ku_a_dada.xml
Text: ( )

File: C:\Users\alexa\Documents\GitHub\FormosanBank\Corpora\Wikipedias\CodeAndDocs\Final_XML\Sakizaya\tawiypuen.xml
Text: ( )

File: C:\Users\alexa\Documents\GitHub\FormosanBank\Corpora\Wikipedias\CodeAndDocs\Final_XML\Sakizaya\Tekusiciyapahungtulas.xml
Text: ( )

File: C:\Users\alexa\Documents\GitHub\FormosanBank\Corpora\Wikipedias\CodeAndDocs\Final_XML\Sakizaya\Tekusiciyapahungtulas.xml
Text: ( )

File: C:\Users\alexa\Documents\GitHub\FormosanBank\Corpora\Wikipedias\CodeAndDocs\Final_XML\Sakizaya\Tekusiciyapahungtulas.xml
Text: ( )

File: C:\Users\alexa\Documents\GitHub\FormosanBank\Corpora\Wikipedias\CodeAndDocs\Final_XML\Sakizaya\Tili.xml
Text: ( )

File: C:\Users\alexa\Documents\GitHub\FormosanBank\Corpora\Wikipedias\CodeAndDocs\Final_XML\Sakizaya\Tili.xml
Text: ( )

File: C:\Users\alexa\Documents\GitHub\FormosanBank\Corpora\Wikipedias\CodeAndDocs\Final_XML\Sakizaya\Tipilisi.xml
Text: ( )

File: C:\Users\alexa\Documents\GitHub\FormosanBank\Corpora\Wikipedias\CodeAndDocs\Final_XML\Sakizaya\Tipilisi.xml
Text: ( )

File: C:\Users\alexa\Documents\GitHub\FormosanBank\Corpora\Wikipedias\CodeAndDocs\Final_XML\Sakizaya\Tipilisi.xml
Text: ( )

File: C:\Users\alexa\Documents\GitHub\FormosanBank\Corpora\Wikipedias\CodeAndDocs\Final_XML\Sakizaya\ulic-_u_sakamuwen_nu_Palaml_ngatu_lima-_malapulung_tu_Pangcah.xml
Text: ( )

File: C:\Users\alexa\Documents\GitHub\FormosanBank\Corpora\Wikipedias\CodeAndDocs\Final_XML\Sakizaya\ulic-_u_sakamuwn_nu_Palaml_ngatu_tusa-_u_niyazu'_i_Pangcahay.xml
Text: ( )

File: C:\Users\alexa\Documents\GitHub\FormosanBank\Corpora\Wikipedias\CodeAndDocs\Final_XML\Sakizaya\ungay_a_binacadan.xml
Text: ( )

File: C:\Users\alexa\Documents\GitHub\FormosanBank\Corpora\Wikipedias\CodeAndDocs\Final_XML\Sakizaya\ungay_a_binacadan.xml
Text: ( )

File: C:\Users\alexa\Documents\GitHub\FormosanBank\Corpora\Wikipedias\CodeAndDocs\Final_XML\Sakizaya\Uw-hu-kangpaw-li.xml
Text: ( )

File: C:\Users\alexa\Documents\GitHub\FormosanBank\Corpora\Wikipedias\CodeAndDocs\Final_XML\Sakizaya\Uw-hu-kangpaw-li.xml
Text: ( )

File: C:\Users\alexa\Documents\GitHub\FormosanBank\Corpora\Wikipedias\CodeAndDocs\Final_XML\Sakizaya\Uw-hu-kangpaw-li.xml
Text: ( )

File: C:\Users\alexa\Documents\GitHub\FormosanBank\Corpora\Wikipedias\CodeAndDocs\Final_XML\Sakizaya\Uwtayhuwa.xml
Text: ( )

File: C:\Users\alexa\Documents\GitHub\FormosanBank\Corpora\Wikipedias\CodeAndDocs\Final_XML\Sakizaya\u_hayali_nu_tangah.xml
Text: ( )

File: C:\Users\alexa\Documents\GitHub\FormosanBank\Corpora\Wikipedias\CodeAndDocs\Final_XML\Sakizaya\u_hayali_nu_tangah.xml
Text: ( )

File: C:\Users\alexa\Documents\GitHub\FormosanBank\Corpora\Wikipedias\CodeAndDocs\Final_XML\Sakizaya\Ya-tang-se-mi-si.xml
Text: ( )

File: C:\Users\alexa\Documents\GitHub\FormosanBank\Corpora\Wikipedias\CodeAndDocs\Final_XML\Sakizaya\Yaciyana.xml
Text: ( )

File: C:\Users\alexa\Documents\GitHub\FormosanBank\Corpora\Wikipedias\CodeAndDocs\Final_XML\Sakizaya\Yaciyana.xml
Text: ( )

File: C:\Users\alexa\Documents\GitHub\FormosanBank\Corpora\Wikipedias\CodeAndDocs\Final_XML\Sakizaya\Yaciyana.xml
Text: ( )

File: C:\Users\alexa\Documents\GitHub\FormosanBank\Corpora\Wikipedias\CodeAndDocs\Final_XML\Sakizaya\Yaciyana.xml
Text: ( )

File: C:\Users\alexa\Documents\GitHub\FormosanBank\Corpora\Wikipedias\CodeAndDocs\Final_XML\Sakizaya\yaunte.xml
Text: ( )

File: C:\Users\alexa\Documents\GitHub\FormosanBank\Corpora\Wikipedias\CodeAndDocs\Final_XML\Sakizaya\yaunte.xml
Text: ( )

File: C:\Users\alexa\Documents\GitHub\FormosanBank\Corpora\Wikipedias\CodeAndDocs\Final_XML\Sakizaya\yaunte.xml
Text: ( )

File: C:\Users\alexa\Documents\GitHub\FormosanBank\Corpora\Wikipedias\CodeAndDocs\Final_XML\Sakizaya\Yi-hantawl-tun.xml
Text: ( )

File: C:\Users\alexa\Documents\GitHub\FormosanBank\Corpora\Wikipedias\CodeAndDocs\Final_XML\Sakizaya\Yi-nen-ka-ci.xml
Text: ( )

File: C:\Users\alexa\Documents\GitHub\FormosanBank\Corpora\Wikipedias\CodeAndDocs\Final_XML\Sakizaya\Yicunan.xml
Text: ( )

File: C:\Users\alexa\Documents\GitHub\FormosanBank\Corpora\Wikipedias\CodeAndDocs\Final_XML\Sakizaya\Yicunan.xml
Text: ( )

File: C:\Users\alexa\Documents\GitHub\FormosanBank\Corpora\Wikipedias\CodeAndDocs\Final_XML\Sakizaya\Yicunan.xml
Text: ( )

File: C:\Users\alexa\Documents\GitHub\FormosanBank\Corpora\Wikipedias\CodeAndDocs\Final_XML\Sakizaya\Yicunan.xml
Text: ( )

File: C:\Users\alexa\Documents\GitHub\FormosanBank\Corpora\Wikipedias\CodeAndDocs\Final_XML\Sakizaya\Yicunan.xml
Text: ( )

File: C:\Users\alexa\Documents\GitHub\FormosanBank\Corpora\Wikipedias\CodeAndDocs\Final_XML\Sakizaya\Yihannisekutenpaw.xml
Text: ( )

