File: /Users/jkhartshorne/Documents/Projects/Formosan/Formosan-Wikipedias/Final_XML/Amis/Samoa.xml:
Removed: 1. Samoa. World Economic Outlook Database. International Monetary Fund (IMF). April 2022 (2022-07-

File: /Users/jkhartshorne/Documents/Projects/Formosan/Formosan-Wikipedias/Final_XML/Amis/Samoa.xml:
Removed: 2. Human Development Report 2019 (PDF). UNITED NATIONS DEVELOPMENT PROGRAMME. (2019-12-21). (nano nina’angan tilid i (PDF) mana’ang i 2020-01-18).

File: /Users/jkhartshorne/Documents/Projects/Formosan/Formosan-Wikipedias/Final_XML/Amis/Samoa.xml:
Removed: 3. Constitution Amendment Act   1997 (nano nina’angan tilid, mana’ang i calay). Paclii.org. Retrieved on 9 November 2016.

File: /Users/jkhartshorne/Documents/Projects/Formosan/Formosan-Wikipedias/Final_XML/Amis/Samoa.xml:
Removed: 4. Samoan History. U.S. Embassy in Samoa. (17 January 2017). (nano nina’angan tilid i 2021-04-14).

File: /Users/jkhartshorne/Documents/Projects/Formosan/Formosan-Wikipedias/Final_XML/Amis/Samoa.xml:
Removed: 5. Chapter XXVI: Disarmament - No. 9 Treaty on the Prohibition of Nuclear Weapons. United Nations Treaty Collection. 7 July 2017 (2020-03-25). (nano nina’angan tilid i 2019-08-06).

File: /Users/jkhartshorne/Documents/Projects/Formosan/Formosan-Wikipedias/Final_XML/Amis/Samoa.xml:
Removed: 6. Feagaimaali』i-Luamanu, Joyetter. Constitutional Amendment Passes; Samoa Officially Becomes 'Christian State'. Pacific Islands Report. 8 June 2017 (16 June 2017). (nano nina’angan tilid i 2020-11-11).

File: /Users/jkhartshorne/Documents/Projects/Formosan/Formosan-Wikipedias/Final_XML/Amis/Samoa.xml:
Removed: 7. Background Note: Samoa. U.S. State Department. (9 April 2011). (nano nina’angan tilid i 2017-01-22). 8. Constitution Amendment Act   1997. (9 April 2011). (nano nina’angan tilid i 2019-04-17).

File: /Users/jkhartshorne/Documents/Projects/Formosan/Formosan-Wikipedias/Final_XML/Amis/Bolivia.xml:
Removed: 2. Parana ’Alo (Paraná; 巴拉那河, o cipas no Lapulata ’Alo拉普拉塔河支流), o niraratan ona ’alo a pala ira ko 24.51㎢.

File: /Users/jkhartshorne/Documents/Projects/Formosan/Formosan-Wikipedias/Final_XML/Amis/Awto.xml:
Removed: 1. Hotian pitelian to dafong ato Karorong potal(Royal Exhibition Building and Carlton Gardens).

File: /Users/jkhartshorne/Documents/Projects/Formosan/Formosan-Wikipedias/Final_XML/Amis/Lifok_'Oteng.xml:
Removed: 2. “Ina – o cidal ako: ni Doing a ’orip”.

File: /Users/jkhartshorne/Documents/Projects/Formosan/Formosan-Wikipedias/Final_XML/Amis/Mauritus.xml:
Removed: 1. Soudan Banks, halo kawaliay Soudan Banks.

File: /Users/jkhartshorne/Documents/Projects/Formosan/Formosan-Wikipedias/Final_XML/Amis/Mauritus.xml:
Removed: 3. Saya de Malha Bank pala.

File: /Users/jkhartshorne/Documents/Projects/Formosan/Formosan-Wikipedias/Final_XML/Amis/Lesotho.xml:
Removed: 1. Basotho National Party

File: /Users/jkhartshorne/Documents/Projects/Formosan/Formosan-Wikipedias/Final_XML/Amis/Lesotho.xml:
Removed: 2. All Basotho Convention Party

File: /Users/jkhartshorne/Documents/Projects/Formosan/Formosan-Wikipedias/Final_XML/Amis/Lesotho.xml:
Removed: 3. Lesotho Congress for Democracy

File: /Users/jkhartshorne/Documents/Projects/Formosan/Formosan-Wikipedias/Final_XML/Amis/Lesotho.xml:
Removed: 4. Democratic Congress

File: /Users/jkhartshorne/Documents/Projects/Formosan/Formosan-Wikipedias/Final_XML/Amis/Lesotho.xml:
Removed: 5. National Independent Party

File: /Users/jkhartshorne/Documents/Projects/Formosan/Formosan-Wikipedias/Final_XML/Amis/Lesotho.xml:
Removed: 6. Lesotho Workers Party

File: /Users/jkhartshorne/Documents/Projects/Formosan/Formosan-Wikipedias/Final_XML/Amis/Lesotho.xml:
Removed: 1. Lesotho. World Economic Outlook Database. International Monetary Fund (IMF). April 2022 (2022-07-27). (nano nina’angan tilid i 2022-07-27) (Inkiris).

File: /Users/jkhartshorne/Documents/Projects/Formosan/Formosan-Wikipedias/Final_XML/Amis/Lesotho.xml:
Removed: 2. Human Development Report 2019 (PDF). UNITED NATIONS DEVELOPMENT PROGRAMME. (2019-12-21). (o nano tilid (PDF) mateli i 2020-01-18).

File: /Users/jkhartshorne/Documents/Projects/Formosan/Formosan-Wikipedias/Final_XML/Amis/Lesotho.xml:
Removed: 3. Welcome to the Kingdom in the Sky. (2014-04-25). (nano nina’angan tilid i 2021-02-25).

File: /Users/jkhartshorne/Documents/Projects/Formosan/Formosan-Wikipedias/Final_XML/Amis/Lesotho.xml:
Removed: 4. THE FUTURE OF ADULT MORTALITY UNDER THE AIDS (PDF). (2014-04-25). (o nano tilid (PDF) mateli i 2021-02-08).

File: /Users/jkhartshorne/Documents/Projects/Formosan/Formosan-Wikipedias/Final_XML/Amis/Lesotho.xml:
Removed: 7. Ministry of foreign affairs of the People's Republic of China Lesotho country profiles . (2014-04-25). (nano nina’angan tilid i 2015-10-03).

File: /Users/jkhartshorne/Documents/Projects/Formosan/Formosan-Wikipedias/Final_XML/Amis/Lesotho.xml:
Removed: 8. Earth from Space: Winter in southern Africa. (2014-04-25). (nano nina’angan tilid i 2019-06-15).

File: /Users/jkhartshorne/Documents/Projects/Formosan/Formosan-Wikipedias/Final_XML/Amis/Lesotho.xml:
Removed: 9. Ministry of foreign affairs of the People's Republic of China Lesotho country profiles . (2014-04-25). (nano nina’angan tilid i 2015-10-03).

File: /Users/jkhartshorne/Documents/Projects/Formosan/Formosan-Wikipedias/Final_XML/Amis/Lesotho.xml:
Removed: 10. Ministry of foreign affairs of the People's Republic of China Lesotho country profiles . (2014-04-25). (nano nina’angan tilid i 2015-10-03).

File: /Users/jkhartshorne/Documents/Projects/Formosan/Formosan-Wikipedias/Final_XML/Amis/Lesotho.xml:
Removed: 11. Ministry of foreign affairs of the People's Republic of China Lesotho country profiles . (2014-07-07). (nano nina’angan tilid i 2014-04-26).

File: /Users/jkhartshorne/Documents/Projects/Formosan/Formosan-Wikipedias/Final_XML/Amis/Lesotho.xml:
Removed: 13. Economy - overview. (2014-04-25). (nano nina’angan tilid i 2007-06-12).

File: /Users/jkhartshorne/Documents/Projects/Formosan/Formosan-Wikipedias/Final_XML/Amis/Lesotho.xml:
Removed: 14. Labor force - by occupation. (2014-04-25). (nano nina’angan tilid i 2007-06-12).

File: /Users/jkhartshorne/Documents/Projects/Formosan/Formosan-Wikipedias/Final_XML/Amis/Lesotho.xml:
Removed: 20. CIA Library:Lesotho population. (2014-04-25). (nano nina’angan tilid i 2007-06-12).

File: /Users/jkhartshorne/Documents/Projects/Formosan/Formosan-Wikipedias/Final_XML/Amis/Lesotho.xml:
Removed: 22. Ministry of foreign affairs of the People's Republic of China Lesotho country profiles . (2014-04-25). (nano nina’angan tilid i 2015-10-03).

File: /Users/jkhartshorne/Documents/Projects/Formosan/Formosan-Wikipedias/Final_XML/Amis/Lesotho.xml:
Removed: 24. VITAL REGISTRATION. (2014-04-25). (nano nina’angan tilid i 2021-02-08).

File: /Users/jkhartshorne/Documents/Projects/Formosan/Formosan-Wikipedias/Final_XML/Amis/Lesotho.xml:
Removed: 26. Ministry of foreign affairs of the People's Republic of China Lesotho country profiles . (2014-04-25). (nano nina’angan tilid i 2015-10-03).

File: /Users/jkhartshorne/Documents/Projects/Formosan/Formosan-Wikipedias/Final_XML/Amis/Taliyok_no_hekal_a_romi’ad.xml:
Removed: 1.存档副本. (2015-03-28). (原始內容存檔於2015-05-16).UNEP:什麼是世界環境日

File: /Users/jkhartshorne/Documents/Projects/Formosan/Formosan-Wikipedias/Final_XML/Amis/Saipan.xml:
Removed: 4. Overseas casinos clean up despite China's cash curbs. Reuters. 2016-12-11 (2016-12-12). (nano nina’angan tilid i 2021-02-23) (Inkilis).

File: /Users/jkhartshorne/Documents/Projects/Formosan/Formosan-Wikipedias/Final_XML/Amis/Saipan.xml:
Removed: 5. HK-listed Imperial Pacific to invest $7 bln in Saipan casino complex. Reuters. 2016-09-25 (2016-12-12). (nano nina’angan tilid i 2021-02-23) (Inkilis).

File: /Users/jkhartshorne/Documents/Projects/Formosan/Formosan-Wikipedias/Final_XML/Amis/Saipan.xml:
Removed: 6. Macau junket investor to build $3 billion Saipan casino. Reuters. 2016-08-13 (2016-12-12). (nano nina’angan tilid i 2021-02-23) (Inkilis).

File: /Users/jkhartshorne/Documents/Projects/Formosan/Formosan-Wikipedias/Final_XML/Amis/Australia.xml:
Removed: 1. Hotian pitelian to dafong ato Karorong potal(Royal Exhibition Building and Carlton Gardens).

File: /Users/jkhartshorne/Documents/Projects/Formosan/Formosan-Wikipedias/Final_XML/Amis/Ostorariya.xml:
Removed: 1. Hotian pitelian to dafong ato Karorong potal(Royal Exhibition Building and Carlton Gardens).

File: /Users/jkhartshorne/Documents/Projects/Formosan/Formosan-Wikipedias/Final_XML/Amis/Solomon.xml:
Removed: 2. Solomon Islands. World Economic Outlook Database. International Monetary Fund (IMF). April 2022 (2022-05-29). (nina’angan tilid i 2022-05-29) (Inkiris).

File: /Users/jkhartshorne/Documents/Projects/Formosan/Formosan-Wikipedias/Final_XML/Amis/Solomon.xml:
Removed: 6. Hogue, Pearl Harbor to Guadalcanal, p. 235–236.

File: /Users/jkhartshorne/Documents/Projects/Formosan/Formosan-Wikipedias/Final_XML/Amis/Solomon.xml:
Removed: 7. Cynthia Banham; Craig Skehan. Troops, police fly in to Honiara. The Sydney Morning Herald. 2006-04-20 (2017-08-15). (nina’angan tilid i 2017-08-16).

File: /Users/jkhartshorne/Documents/Projects/Formosan/Formosan-Wikipedias/Final_XML/Amis/Solomon.xml:
Removed: 17. World Weather Information Service. (2007-04-03). (nina’angan tilid i 2007-02-08).

File: /Users/jkhartshorne/Documents/Projects/Formosan/Formosan-Wikipedias/Final_XML/Amis/Solomon.xml:
Removed: 24. 2022 BUDGET EXPENDITURE ESTIMATED AT $4.531 BILLION. SIG ICT Services. 2022-04-19 (2022-04-19). (nina’angan tilid i 2022-04-19) (Inkiris sowal).

File: /Users/jkhartshorne/Documents/Projects/Formosan/Formosan-Wikipedias/Final_XML/Amis/Notimolan_’Apocok.xml:
Removed: 2. Edmund Percival Hillary

File: /Users/jkhartshorne/Documents/Projects/Formosan/Formosan-Wikipedias/Final_XML/Amis/Notimolan_’Apocok.xml:
Removed: 3. Vivian Forks

File: /Users/jkhartshorne/Documents/Projects/Formosan/Formosan-Wikipedias/Final_XML/Amis/Notimolan_’Apocok.xml:
Removed: 5. Albert P. Crary ato

File: /Users/jkhartshorne/Documents/Projects/Formosan/Formosan-Wikipedias/Final_XML/Amis/Cien_Wiy-cien.xml:
Removed: 3.媽媽點頭　錢薇娟今宣布參選立委. 蘋果日報. 2011-05-24 (2011-05-24). (原始內容存檔於2019-07-01). === Mifalicay to no ’Amis a tilid, ci Rengos Fosay. ===

File: /Users/jkhartshorne/Documents/Projects/Formosan/Formosan-Wikipedias/Final_XML/Amis/Maori_tamdaw.xml:
Removed: 3. Riyar kawas ci Tangaroa (inkilis: Tangaroa).

File: /Users/jkhartshorne/Documents/Projects/Formosan/Formosan-Wikipedias/Final_XML/Amis/Liu_Yifeng_sinpu.xml:
Removed: 11.第14届‧2019“爱心奖”6位得奖人揭晓. 新浪網. 2019-08-27 (2020-02-04). (原始內容存檔於2019-09-27

File: /Users/jkhartshorne/Documents/Projects/Formosan/Formosan-Wikipedias/Final_XML/Amis/Romi’ad_no_mama.xml:
Removed: 1.父親節的由來-愛網. (2018-08-08). (原始內容存檔於2018-01-14).

File: /Users/jkhartshorne/Documents/Projects/Formosan/Formosan-Wikipedias/Final_XML/Amis/Romi’ad_no_mama.xml:
Removed: 7.Jerome Aning. Daughter of missing NDF consultant believes he is still alive. Philippine Daily Inquirer. 2008-06-14 (2008-06-23). (原始內容存檔於2008-06-17). 

File: /Users/jkhartshorne/Documents/Projects/Formosan/Formosan-Wikipedias/Final_XML/Amis/Romi’ad_no_mama.xml:
Removed: 10.Father's Day Celebration in different countries. (2008-07-19). (原始內容存檔於2010-08-26). In Iran it is celebrated on the Birthday of First shiite Imam (Imam Ali  ) on 13 of Rajab islamic calendar.

File: /Users/jkhartshorne/Documents/Projects/Formosan/Formosan-Wikipedias/Final_XML/Amis/Romi’ad_no_mama.xml:
Removed: 11.Zahra Akbari  . Linguistic and Non-Linguistic Discourse Cues in Iranian Advertisements: a Critical Discourse Study. (2008-07-19).

File: /Users/jkhartshorne/Documents/Projects/Formosan/Formosan-Wikipedias/Final_XML/Amis/Taliyokan_no_pala.xml:
Removed: 5. Saka hemhem no romi’ad no hekal

File: /Users/jkhartshorne/Documents/Projects/Formosan/Formosan-Wikipedias/Final_XML/Amis/O_kimad_no_Kiwit_niyaro’_to_lalengawan_no_’AmisPangcah.xml:
Removed: 3. 奇美部落的起源　阿美族始祖傳說. 2008-06-09. Kalala Niyaro'.

File: /Users/jkhartshorne/Documents/Projects/Formosan/Formosan-Wikipedias/Final_XML/Amis/Romi’adan_no_cikiw_i_hekal.xml:
Removed: 1.聯合國旗

File: /Users/jkhartshorne/Documents/Projects/Formosan/Formosan-Wikipedias/Final_XML/Amis/Romi’adan_no_cikiw_i_hekal.xml:
Removed: 2.火星旗

File: /Users/jkhartshorne/Documents/Projects/Formosan/Formosan-Wikipedias/Final_XML/Amis/Saint_Lucia.xml:
Removed: 1. CIA Factbook. Central Intelligence Agency  . (2018-11-13). (nano nina’angan tilid i 2020-11-05).

File: /Users/jkhartshorne/Documents/Projects/Formosan/Formosan-Wikipedias/Final_XML/Amis/Saint_Lucia.xml:
Removed: 2. St. Lucia. World Economic Outlook Database. International Monetary Fund (IMF). April 2022 (2022-07-

File: /Users/jkhartshorne/Documents/Projects/Formosan/Formosan-Wikipedias/Final_XML/Amis/Saint_Lucia.xml:
Removed: 3. Human Development Report 2019 (PDF). UNITED NATIONS DEVELOPMENT PROGRAMME. (2019-12-21). (nano nina’angan tilid (PDF) i 2019-12-09).

File: /Users/jkhartshorne/Documents/Projects/Formosan/Formosan-Wikipedias/Final_XML/Amis/Saint_Lucia.xml:
Removed: 5. Saint Lucia - Office of the Prime Minister. Saint Lucia - Office of the Prime Minister. (2021-02-24). (nano nina’angan tilid i 2021-02-24).

File: /Users/jkhartshorne/Documents/Projects/Formosan/Formosan-Wikipedias/Final_XML/Amis/Orad.xml:
Removed: 1. O nanom i to’em la’itad sa a ta’angay a ta’angay

File: /Users/jkhartshorne/Documents/Projects/Formosan/Formosan-Wikipedias/Final_XML/Amis/Cape_Town.xml:
Removed: 6.Chapman's Peak Drive a lalan.

File: /Users/jkhartshorne/Documents/Projects/Formosan/Formosan-Wikipedias/Final_XML/Amis/Cape_Town.xml:
Removed: 8.Tafotafokan no Cape town

File: /Users/jkhartshorne/Documents/Projects/Formosan/Formosan-Wikipedias/Final_XML/Amis/Cen_Cuiyu.xml:
Removed: 1.Landauer, Stella Chen. A plan for meeting the nursing needs of Taiwan. 2021-06-24 (2021-06-24). (原始內容存檔於2021-06-24) –透過open.bu.edu.

File: /Users/jkhartshorne/Documents/Projects/Formosan/Formosan-Wikipedias/Final_XML/Amis/Cen_Cuiyu.xml:
Removed: 2.〈總統府人事調查表〉:陳翠玉,國史館藏

File: /Users/jkhartshorne/Documents/Projects/Formosan/Formosan-Wikipedias/Final_XML/Amis/Cen_Cuiyu.xml:
Removed: 3.李錦容. 台灣女英雄陳翠玉. 台灣: 前衛出版社. 2003年3月. ISBN 957-801-393-0. 5.＜省立臺北醫院護士部副主任陳翠玉派代案＞,國史館臺灣文獻館典藏號00303231542007 7.翁青志. 台灣歷史人物誌 陳翠玉:台灣護理教育現代化的推手. 美國加州聖地牙哥台灣同鄉會. 2010年5月1日 (2015年11月28日). (原始內容存檔於2016年10月29日). 9.臺大護校 護園共拓. 台灣大學. 2008年5月6日 (2015年11月28日). (原始內容存檔於2008年12月14日).

File: /Users/jkhartshorne/Documents/Projects/Formosan/Formosan-Wikipedias/Final_XML/Amis/Cen_Cuiyu.xml:
Removed: 10.安息在自己的土地上. 本土信徒. (2015年11月28日). (原始內容存檔於2020年1月17日). 12.邱婓顯. 婦女先驅 台灣護士陳翠玉 (PDF). 真理大學: 13至14頁. (2015年11月28日). (原始內容存檔 (PDF)於2017年4月19日).

File: /Users/jkhartshorne/Documents/Projects/Formosan/Formosan-Wikipedias/Final_XML/Amis/Sint_Maarten.xml:
Removed: 1. Art. 1 para 2. Constitution of Sint Maarten (PDF). (o nano tilid (PDF) mateli i 2011-07-08.

File: /Users/jkhartshorne/Documents/Projects/Formosan/Formosan-Wikipedias/Final_XML/Amis/Sinkiwsi-_Li_siw_foksi.xml:
Removed: 3.太平境教會. www.tpkch.org.tw. (2017-03-13). (原始內容存檔於2020-04-17). 5.429 從南岸遷去建功庄. archive.is. 2017-03-13 (2017-03-13). (原始內容存檔於2017-03-13).

File: /Users/jkhartshorne/Documents/Projects/Formosan/Formosan-Wikipedias/Final_XML/Amis/Sinkiwsi-_Li_siw_foksi.xml:
Removed: 6.第二屆開拓研討會 (PDF). archive.is. 2017-03-13 (2017-03-13). (原始內容 (PDF)存檔於2017-03-13). 8.崗仔林教會  . www.laijohn.com. (2017-03-13). (原始內容存檔於2020-04-17). 10.226 山崗四社傳道站. www.laijohn.com. (2017-03-13). (原始內容存檔於2020-04-17).

File: /Users/jkhartshorne/Documents/Projects/Formosan/Formosan-Wikipedias/Final_XML/Amis/Sinkiwsi-_Li_siw_foksi.xml:
Removed: 13.400"台南教士會議事錄". www.laijohn.com. (2017-03-13). (原始內容存檔於2020-04-17).

File: /Users/jkhartshorne/Documents/Projects/Formosan/Formosan-Wikipedias/Final_XML/Amis/Sinkiwsi-_Li_siw_foksi.xml:
Removed: 14.380 卓道生述大學之始. www.laijohn.com. (2017-03-13). (原始內容存檔於2020-04-17). 16.彭仔存橋. 台灣原住民族數位典藏知識入口網. 2017-03-13 (2017-03-13). (原始內容存檔於2017-03-13).

File: /Users/jkhartshorne/Documents/Projects/Formosan/Formosan-Wikipedias/Final_XML/Amis/Sinkiwsi-_Li_siw_foksi.xml:
Removed: 17.寧城宮. archive.is. 2017-03-13 (2017-03-13). (原始內容存檔於2017-03-13). 19.第五章 長眠高雄的洋人 (PDF). 高雄市早期國際化的發展初探. 打狗英國領事館文化園區. (2020-08-09). (原始內容存檔於2021-01-19).

File: /Users/jkhartshorne/Documents/Projects/Formosan/Formosan-Wikipedias/Final_XML/Amis/Sinkiwsi-_Li_siw_foksi.xml:
Removed: 20.新樓女子學校的幕後推手─伊萊沙‧李庥(Elizabeth Cooke Ritchie,1828－1902)-臺灣女人. 2017-10-25 (2017-10-25). (原始內容存檔於2017-10-25).

File: /Users/jkhartshorne/Documents/Projects/Formosan/Formosan-Wikipedias/Final_XML/Amis/Maysang.xml:
Removed: 17. China Handbook, 1971-72, Chinese Ministry of Information

File: /Users/jkhartshorne/Documents/Projects/Formosan/Formosan-Wikipedias/Final_XML/Amis/Maysang.xml:
Removed: 22. Chuan-Kwang "C. K." Yang (1933–2007) – Find A Grave Memorial. Findagrave.com. (February 15, 2012).

File: /Users/jkhartshorne/Documents/Projects/Formosan/Formosan-Wikipedias/Final_XML/Amis/Papua_New_Guinea.xml:
Removed: 9.	Manus sakowan 

File: /Users/jkhartshorne/Documents/Projects/Formosan/Formosan-Wikipedias/Final_XML/Amis/Papua_New_Guinea.xml:
Removed: 20.	Syoto Sakowan (Ntinol Capital District)

File: /Users/jkhartshorne/Documents/Projects/Formosan/Formosan-Wikipedias/Final_XML/Amis/’Orip_ni_Kafo’ok.xml:
Removed: 1. 2.摘錄港口部落耆老Tangay 的口述歷史,Andre’ Bareigts, “O no ’Amis a Tamdaw a Kimad” 4.1990.

File: /Users/jkhartshorne/Documents/Projects/Formosan/Formosan-Wikipedias/Final_XML/Amis/’Orip_ni_Kafo’ok.xml:
Removed: 3.Tangay 耆老出生於1898年8月11日,日治時期擔任Makota’ay 部落的頭目,1990年Andre’ 神父訪談時他已是87歲高齡,口述的阿美族語深奧難懂,為便於現代人了解,譯者費心思整理譯為較為白話的文章,必要時加註. 整理記錄人:Masao Nikar   阿美族,Pacidal ngasaw.

File: /Users/jkhartshorne/Documents/Projects/Formosan/Formosan-Wikipedias/Final_XML/Amis/Tamana.xml:
Removed: 1.香菇玻璃菜牛肉粥(2019-12-20)存檔

File: /Users/jkhartshorne/Documents/Projects/Formosan/Formosan-Wikipedias/Final_XML/Amis/Tamana.xml:
Removed: 3.移至:3.0 3.1 你不知道的食物身世 高麗菜是歐洲語言 | 生活 | 重點新聞 | 中央社 CNA(2020-08-30)存檔

File: /Users/jkhartshorne/Documents/Projects/Formosan/Formosan-Wikipedias/Final_XML/Seediq/Bhniq.xml:
Removed: 4. Qtapih (后大石櫟 )

File: /Users/jkhartshorne/Documents/Projects/Formosan/Formosan-Wikipedias/Final_XML/Seediq/Knbaka_balay_ka_nmahan_mi_nkan.xml:
Removed: 5. Mlih mangal ka abura

File: /Users/jkhartshorne/Documents/Projects/Formosan/Formosan-Wikipedias/Final_XML/Seediq/Knbaka_balay_ka_nmahan_mi_nkan.xml:
Removed: 7. Ou hari mangal ka uuqun Gay

File: /Users/jkhartshorne/Documents/Projects/Formosan/Formosan-Wikipedias/Final_XML/Seediq/Boyak.xml:
Removed: 1.0 1.1 動物園資料索引 - 臺灣野豬．臺北動物園保育網,2011-10-28

File: /Users/jkhartshorne/Documents/Projects/Formosan/Formosan-Wikipedias/Final_XML/Seediq/Qngqaya_tmsamat.xml:
Removed: 1. aga

File: /Users/jkhartshorne/Documents/Projects/Formosan/Formosan-Wikipedias/Final_XML/Seediq/Nigeria.xml:
Removed: 9. Yayung Cross Co. 克羅斯河州 

File: /Users/jkhartshorne/Documents/Projects/Formosan/Formosan-Wikipedias/Final_XML/Seediq/Nigeria.xml:
Removed: 12. Edo Co. 埃多州 

File: /Users/jkhartshorne/Documents/Projects/Formosan/Formosan-Wikipedias/Final_XML/Seediq/Nigeria.xml:
Removed: 31. Plateau Co. 高原州 

File: /Users/jkhartshorne/Documents/Projects/Formosan/Formosan-Wikipedias/Final_XML/Seediq/Nigeria.xml:
Removed: 8. Jos. 喬斯 

File: /Users/jkhartshorne/Documents/Projects/Formosan/Formosan-Wikipedias/Final_XML/Seediq/Nigeria.xml:
Removed: 14. Aba. 阿巴 

File: /Users/jkhartshorne/Documents/Projects/Formosan/Formosan-Wikipedias/Final_XML/Seediq/Nigeria.xml:
Removed: 15. Calabar. 卡拉巴爾 

File: /Users/jkhartshorne/Documents/Projects/Formosan/Formosan-Wikipedias/Final_XML/Seediq/Nigeria.xml:
Removed: 17. Warri. 瓦里 

File: /Users/jkhartshorne/Documents/Projects/Formosan/Formosan-Wikipedias/Final_XML/Seediq/Nigeria.xml:
Removed: 18. Alang Mkbrnux Benin. 貝南城 

File: /Users/jkhartshorne/Documents/Projects/Formosan/Formosan-Wikipedias/Final_XML/Seediq/Rqenux.xml:
Removed: 2.0 2.1 台灣水鹿. 數位典藏與數位學習成果入口網. 李亦園等,1964,"南澳的泰雅人 ".臺北:中央研究院民族學研究所. Tado Walis,Pawan Nawi,Pering Tado ma Ukan Siyac ka smneeru

File: /Users/jkhartshorne/Documents/Projects/Formosan/Formosan-Wikipedias/Final_XML/Seediq/Hlama_dhequy_mbutun.xml:
Removed: 1. 泰雅賽德克族人食物及其典故  鐵米娜威依  p.185-p.188

File: /Users/jkhartshorne/Documents/Projects/Formosan/Formosan-Wikipedias/Final_XML/Seediq/Netherlands.xml:
Removed: 6.0% Minjoku icil其他種族 Kari 

File: /Users/jkhartshorne/Documents/Projects/Formosan/Formosan-Wikipedias/Final_XML/Seediq/Kari_mstrung_lupung_ka_Truku_sbiyaw.xml:
Removed: 1.Akay ji~ ~ ~!

File: /Users/jkhartshorne/Documents/Projects/Formosan/Formosan-Wikipedias/Final_XML/Seediq/Kari_mstrung_lupung_ka_Truku_sbiyaw.xml:
Removed: 2.Wi wi ~ ~ ~!

File: /Users/jkhartshorne/Documents/Projects/Formosan/Formosan-Wikipedias/Final_XML/Seediq/Kari_mstrung_lupung_ka_Truku_sbiyaw.xml:
Removed: 3.Ah!ah!~ ~ ~!

File: /Users/jkhartshorne/Documents/Projects/Formosan/Formosan-Wikipedias/Final_XML/Atayal/泰雅諺語.xml:
Removed: 1.巫醫: 2.芒草心: 3.松脂油: 4.鼠麴草: 5.酵素 6.黃色小米 7.野菜 泰雅族人所食用的菜大都是從山上採集的,如龍葵,刺蔥,兔子草,綠豆,樹豆等,這些菜都是增加體力的來源.若有人宿醉,野菜能解酒.

File: /Users/jkhartshorne/Documents/Projects/Formosan/Formosan-Wikipedias/Final_XML/Atayal/泰雅諺語.xml:
Removed: 8.木炭灰: 9.茅草根和老鼠 10.飛鼠肉和腸 族人若有腸胃的病症,把飛鼠肉和腸胃蒸煮後食用,腸胃病就會好了. 作者:素伊多夕 Sugiy Tosi

File: /Users/jkhartshorne/Documents/Projects/Formosan/Formosan-Wikipedias/Final_XML/Atayal/qalang_Kbabun__碼崙部落.xml:
Removed: 1.檜木小學堂 :

File: /Users/jkhartshorne/Documents/Projects/Formosan/Formosan-Wikipedias/Final_XML/Atayal/qalang_Rgayung.xml:
Removed: 1.搭乘火車:搭乘台鐵火車北迴線在南澳站下車,再轉搭計程車,即可到達澳花瀑布.

File: /Users/jkhartshorne/Documents/Projects/Formosan/Formosan-Wikipedias/Final_XML/Atayal/Rekisi_pinqizywan_qalang_Thokak.xml:
Removed: 4. 族語翻譯: 黃石虎 09/15.2013 年 竹頭角部落傳奇史

File: /Users/jkhartshorne/Documents/Projects/Formosan/Formosan-Wikipedias/Final_XML/Atayal/qalang_Bonbon,Kn-bung__梵梵(英士)部落.xml:
Removed: 1.橫歧漾古道 2.ulay na Bonbon

File: /Users/jkhartshorne/Documents/Projects/Formosan/Formosan-Wikipedias/Final_XML/Atayal/gaga_na_maki_bih_nbkis.xml:
Removed: 7.gaga na tayal hya ga,ini tqibang kmayal bih na mmlikuy, iyat yasa nanak ,ana maki bih na qbsuyan knayril ini ga maki bih yaya uzi ga,ini tqibang kmayal uzi.在泰雅族習俗裡女性不可以在眾人中任意插嘴,表達意見,甚至在姊姊或媽媽身旁也不可以隨意多話

File: /Users/jkhartshorne/Documents/Projects/Formosan/Formosan-Wikipedias/Final_XML/Atayal/gaga_na_maki_bih_nbkis.xml:
Removed: 9.cisal sa bnkis ga,si pspngi sa gatuw na nbkis ini ghzyagi kkayal naha.跟長輩聊天時,要順著她說的話題,不要左右她的說法 

File: /Users/jkhartshorne/Documents/Projects/Formosan/Formosan-Wikipedias/Final_XML/Atayal/msin.xml:
Removed: 2.msin qnaniq 糾紛是為了吃的東西

File: /Users/jkhartshorne/Documents/Projects/Formosan/Formosan-Wikipedias/Final_XML/Atayal/qalang_Helan__玉蘭部落.xml:
Removed: 1.部落特色:台灣地區最早種茶的原住民.

File: /Users/jkhartshorne/Documents/Projects/Formosan/Formosan-Wikipedias/Final_XML/Atayal/msin_.xml:
Removed: 2.msin qnaniq 糾紛是為了吃的東西

File: /Users/jkhartshorne/Documents/Projects/Formosan/Formosan-Wikipedias/Final_XML/Atayal/kita「看」.xml:
Removed: 1.mhngan la, laxi kita la. 夜晚了,不要看了. 構詞

File: /Users/jkhartshorne/Documents/Projects/Formosan/Formosan-Wikipedias/Final_XML/Atayal/kita「看」.xml:
Removed: 1.wal mu suqun mita biru qasa la. 我已經看完那本書了.

File: /Users/jkhartshorne/Documents/Projects/Formosan/Formosan-Wikipedias/Final_XML/Atayal/kita「看」.xml:
Removed: 3. cyux pkita kya nanak la. 他們自己在哪裡互相見面. 

File: /Users/jkhartshorne/Documents/Projects/Formosan/Formosan-Wikipedias/Final_XML/Atayal/kita「看」.xml:
Removed: 6.qlangun balay mita wah. 懶的看你了.  7. bleqi mita ay, laxi balay psay tanux la. 好好的看管哦！不要讓他出門了.

File: /Users/jkhartshorne/Documents/Projects/Formosan/Formosan-Wikipedias/Final_XML/Atayal/kita「看」.xml:
Removed: 9. ’say mita cikay yata su ki. 去拜訪/看望一下你的阿姨哦！

File: /Users/jkhartshorne/Documents/Projects/Formosan/Formosan-Wikipedias/Final_XML/Atayal/kita「看」.xml:
Removed: 10.ktay kya nanak la. 你自己決定了. kita"看"的隱喻

File: /Users/jkhartshorne/Documents/Projects/Formosan/Formosan-Wikipedias/Final_XML/Atayal/kita「看」.xml:
Removed: 3. hala saku mita kayal ha. 我去看天氣哦！ 

File: /Users/jkhartshorne/Documents/Projects/Formosan/Formosan-Wikipedias/Final_XML/Atayal/kita「看」.xml:
Removed: 6. iyat minita wagi na. 還沒見過太陽.  kita"看"社會文化經驗的現象

File: /Users/jkhartshorne/Documents/Projects/Formosan/Formosan-Wikipedias/Final_XML/Atayal/kita「看」.xml:
Removed: 1. mita su nkum lga tbzih ngasal la. 你看見天色昏暗就要返家了. 

File: /Users/jkhartshorne/Documents/Projects/Formosan/Formosan-Wikipedias/Final_XML/Atayal/kita「看」.xml:
Removed: 3. mita ta pira glupun na spung sbehuy ga, pira sbehuy nya mwah uzi. 看見颱風草有幾條縐褶,就會有幾個颱風會來.

File: /Users/jkhartshorne/Documents/Projects/Formosan/Formosan-Wikipedias/Final_XML/Atayal/kita「看」.xml:
Removed: 7. ktan su cyux mahi pinbtwan ga laxi siy hnasi. 你看見有珠衣垂掛下來就不要越過.  8. zik osa nya ga mita squ utux lga siy baqi sa osa nya la. 在他去世之前會看到鬼,就知道他即將要離世了.

File: /Users/jkhartshorne/Documents/Projects/Formosan/Formosan-Wikipedias/Final_XML/Atayal/qalang_Piling比麟部落.xml:
Removed: 9.茅草根和老鼠 10.hi ru gyus yapit : ita Tayal mha ni mnbu ta na kwa, ini ga yaqeh qu hi nha ga, hi ru gyus yapit thozyay kblaq nbu uziy.kwara qu zyuwaw qaniy ga snbil pincbaq na bnkis.misuw qaniy lga, ana nyux blaq na Izyu ru maki Snsiy pkita nbu. nanu yasa wayal ta zngyan la cinbaqan bnkis ta sraral qu zyuwaw qaniy, anay ta scbaq laqi kinbahan. 10.飛鼠肉和腸 族人若有腸胃的病症,把飛鼠肉和腸胃蒸煮後食用,腸胃病就會好了.這些事是祖先所遺留下來的知識,現代有了良好的藥物和醫生,我們把祖先們許多的知識都忘記了,所以我們必須要把祖先所教導的智慧傳承給後代子孫.

File: /Users/jkhartshorne/Documents/Projects/Formosan/Formosan-Wikipedias/Final_XML/Sakizaya/siduka’_ku_banges.xml:
Removed: 1. 向陽疹 眼皮出現粉紅或紫色的皮疹,可能合併眼眶旁水腫

File: /Users/jkhartshorne/Documents/Projects/Formosan/Formosan-Wikipedias/Final_XML/Sakizaya/siduka’_ku_banges.xml:
Removed: 2. Gottron氏丘疹(Gottron papules)分布在指節的紫色或粉紅色丘疹,可能合併萎縮,色素斑駁,過度角化,潰瘍等

File: /Users/jkhartshorne/Documents/Projects/Formosan/Formosan-Wikipedias/Final_XML/Sakizaya/siduka’_ku_banges.xml:
Removed: 3. Gottron氏徵(Gottron signs)對稱分布的紫紅斑,位於指節,鷹嘴突,髕骨,內踝等

File: /Users/jkhartshorne/Documents/Projects/Formosan/Formosan-Wikipedias/Final_XML/Sakizaya/siduka’_ku_banges.xml:
Removed: 1. 紫紅色的斑,出現在下列部位

File: /Users/jkhartshorne/Documents/Projects/Formosan/Formosan-Wikipedias/Final_XML/Sakizaya/siduka’_ku_banges.xml:
Removed: 2. 甲摺出現微血管擴張

File: /Users/jkhartshorne/Documents/Projects/Formosan/Formosan-Wikipedias/Final_XML/Sakizaya/siduka’_ku_banges.xml:
Removed: 4. 技師的手Mechanic’s hand

File: /Users/jkhartshorne/Documents/Projects/Formosan/Formosan-Wikipedias/Final_XML/Sakizaya/siduka’_ku_banges.xml:
Removed: 6. 皮膚潰瘍

File: /Users/jkhartshorne/Documents/Projects/Formosan/Formosan-Wikipedias/Final_XML/Sakizaya/siduka’_ku_banges.xml:
Removed: 7. 搔癢

File: /Users/jkhartshorne/Documents/Projects/Formosan/Formosan-Wikipedias/Final_XML/Sakizaya/balalangad.xml:
Removed: 5. 要放墊材,保濕用,例如木屑,種花用的水苔,衛生紙.

File: /Users/jkhartshorne/Documents/Projects/Formosan/Formosan-Wikipedias/Final_XML/Sakizaya/balalangad.xml:
Removed: 6. 一定要有蓋子,鍬形蟲可是會飛的.

File: /Users/jkhartshorne/Documents/Projects/Formosan/Formosan-Wikipedias/Final_XML/Sakizaya/Lubas-Mapalaway-nazipaan_nu_uzip-Panay(Lin_Xiang_Yu).xml:
Removed: 107.7月7日南科文化園區.西拉雅

File: /Users/jkhartshorne/Documents/Projects/Formosan/Formosan-Wikipedias/Final_XML/Sakizaya/nipaluma-kabutulay,_kabotolay.xml:
Removed: 1. 是重要的取水植物,於野外可補充水份.

File: /Users/jkhartshorne/Documents/Projects/Formosan/Formosan-Wikipedias/Final_XML/Sakizaya/nipaluma-kabutulay,_kabotolay.xml:
Removed: 4.藥用:全草均可做用

File: /Users/jkhartshorne/Documents/Projects/Formosan/Formosan-Wikipedias/Final_XML/Sakizaya/tapiingan_nu_tangah_ku_a_dada.xml:
Removed: 3. 疼痛階段,即所謂的頭痛階段

File: /Users/jkhartshorne/Documents/Projects/Formosan/Formosan-Wikipedias/Final_XML/Sakizaya/tapiingan_nu_tangah_ku_a_dada.xml:
Removed: 1. 後期症狀,即偏頭痛發作後的影響

File: /Users/jkhartshorne/Documents/Projects/Formosan/Formosan-Wikipedias/Final_XML/Sakizaya/cucu_cidekay_imelang.xml:
Removed: 1.母親或姐妹是乳癌患者. 3.初潮 年齡小於12歲.

File: /Users/jkhartshorne/Documents/Projects/Formosan/Formosan-Wikipedias/Final_XML/Sakizaya/cucu_cidekay_imelang.xml:
Removed: 4.超過55歲才停經.

File: /Users/jkhartshorne/Documents/Projects/Formosan/Formosan-Wikipedias/Final_XML/Sakizaya/cucu_cidekay_imelang.xml:
Removed: 5.從未生育,或超過35歲才生育.

File: /Users/jkhartshorne/Documents/Projects/Formosan/Formosan-Wikipedias/Final_XML/Sakizaya/cucu_cidekay_imelang.xml:
Removed: 6.胸部曾接受放射治療.

File: /Users/jkhartshorne/Documents/Projects/Formosan/Formosan-Wikipedias/Final_XML/Sakizaya/cucu_cidekay_imelang.xml:
Removed: 7.偏好高脂肪食物者.

File: /Users/jkhartshorne/Documents/Projects/Formosan/Formosan-Wikipedias/Final_XML/Sakizaya/cucu_cidekay_imelang.xml:
Removed: 8.不餵母乳者.

File: /Users/jkhartshorne/Documents/Projects/Formosan/Formosan-Wikipedias/Final_XML/Sakizaya/yunuayawan_nikabi'_minanum,_idua_ku_mibadang_tatuluway_a_tamdaw_mipulu_tu_balucu’_nika_adada-uyniyan_tatuluway_a_tamdaw_tunuayaway_nu_nikabi’_sakaydihay_minanum.xml:
Removed: 1.前列腺增生的中老年男性

File: /Users/jkhartshorne/Documents/Projects/Formosan/Formosan-Wikipedias/Final_XML/Sakizaya/yunuayawan_nikabi'_minanum,_idua_ku_mibadang_tatuluway_a_tamdaw_mipulu_tu_balucu’_nika_adada-uyniyan_tatuluway_a_tamdaw_tunuayaway_nu_nikabi’_sakaydihay_minanum.xml:
Removed: 2.慢性病患者

File: /Users/jkhartshorne/Documents/Projects/Formosan/Formosan-Wikipedias/Final_XML/Sakizaya/yunuayawan_nikabi'_minanum,_idua_ku_mibadang_tatuluway_a_tamdaw_mipulu_tu_balucu’_nika_adada-uyniyan_tatuluway_a_tamdaw_tunuayaway_nu_nikabi’_sakaydihay_minanum.xml:
Removed: 3.心房顫動的中老年人 這種患者在睡前喝水可降低血液濃稠度,減少心絞痛,但別一次性大量喝水,這樣反而會增加心臟負擔,誘發心臟衰竭. sakasepat a nananaman minanaum tu ayawan amatineng.

File: /Users/jkhartshorne/Documents/Projects/Formosan/Formosan-Wikipedias/Final_XML/Sakizaya/yunuayawan_nikabi'_minanum,_idua_ku_mibadang_tatuluway_a_tamdaw_mipulu_tu_balucu’_nika_adada-uyniyan_tatuluway_a_tamdaw_tunuayaway_nu_nikabi’_sakaydihay_minanum.xml:
Removed: 1.白開水最佳

File: /Users/jkhartshorne/Documents/Projects/Formosan/Formosan-Wikipedias/Final_XML/Sakizaya/yunuayawan_nikabi'_minanum,_idua_ku_mibadang_tatuluway_a_tamdaw_mipulu_tu_balucu’_nika_adada-uyniyan_tatuluway_a_tamdaw_tunuayaway_nu_nikabi’_sakaydihay_minanum.xml:
Removed: 2.和人體體溫相當的水 

File: /Users/jkhartshorne/Documents/Projects/Formosan/Formosan-Wikipedias/Final_XML/Sakizaya/yunuayawan_nikabi'_minanum,_idua_ku_mibadang_tatuluway_a_tamdaw_mipulu_tu_balucu’_nika_adada-uyniyan_tatuluway_a_tamdaw_tunuayaway_nu_nikabi’_sakaydihay_minanum.xml:
Removed: 4.小口慢飲

File: /Users/jkhartshorne/Documents/Projects/Formosan/Formosan-Wikipedias/Final_XML/Sakizaya/minana_malatademaw.xml:
Removed: 1. 不要試圖什麼都爭第一.

File: /Users/jkhartshorne/Documents/Projects/Formosan/Formosan-Wikipedias/Final_XML/Sakizaya/minana_malatademaw.xml:
Removed: 3. 幫助別人,自己也會強大起來.

File: /Users/jkhartshorne/Documents/Projects/Formosan/Formosan-Wikipedias/Final_XML/Sakizaya/minana_malatademaw.xml:
Removed: 5. 考上大學,你是我的孩子；你掃馬路,更是我的孩子；

File: /Users/jkhartshorne/Documents/Projects/Formosan/Formosan-Wikipedias/Final_XML/Sakizaya/minana_malatademaw.xml:
Removed: 11. 個性是你一生中最可貴的品質.

File: /Users/jkhartshorne/Documents/Projects/Formosan/Formosan-Wikipedias/Final_XML/Sakizaya/minana_malatademaw.xml:
Removed: 13. 一粥一飯,當思來之易.

File: /Users/jkhartshorne/Documents/Projects/Formosan/Formosan-Wikipedias/Final_XML/Sakizaya/minana_malatademaw.xml:
Removed: 16. 我不僅僅是你的媽媽,更是你的朋友.

File: /Users/jkhartshorne/Documents/Projects/Formosan/Formosan-Wikipedias/Final_XML/Sakizaya/minana_malatademaw.xml:
Removed: 17. 堅信健康是快樂的源泉.

File: /Users/jkhartshorne/Documents/Projects/Formosan/Formosan-Wikipedias/Final_XML/Sakizaya/minana_malatademaw.xml:
Removed: 18. 想哭的時候就哭出來.

File: /Users/jkhartshorne/Documents/Projects/Formosan/Formosan-Wikipedias/Final_XML/Sakizaya/minana_malatademaw.xml:
Removed: 20. 如果你不知道從哪裡來,

File: /Users/jkhartshorne/Documents/Projects/Formosan/Formosan-Wikipedias/Final_XML/Sakizaya/minana_malatademaw.xml:
Removed: 21. 小毛病往往可以導致大麻煩.

File: /Users/jkhartshorne/Documents/Projects/Formosan/Formosan-Wikipedias/Final_XML/Sakizaya/minana_malatademaw.xml:
Removed: 22. 每天多做一點,並堅持下去.

File: /Users/jkhartshorne/Documents/Projects/Formosan/Formosan-Wikipedias/Final_XML/Sakizaya/minana_malatademaw.xml:
Removed: 23. 在任何時候都要堅信:"方法會比困難多一點".

File: /Users/jkhartshorne/Documents/Projects/Formosan/Formosan-Wikipedias/Final_XML/Sakizaya/minana_malatademaw.xml:
Removed: 24. 信念是一種無堅不摧的力量.

File: /Users/jkhartshorne/Documents/Projects/Formosan/Formosan-Wikipedias/Final_XML/Sakizaya/kunkung_nu_kuyu.xml:
Removed: 03.17.2017, No Comments, 德國童話故事, by story.

File: /Users/jkhartshorne/Documents/Projects/Formosan/Formosan-Wikipedias/Final_XML/Sakizaya/lawal.xml:
Removed: 1.如喀什米爾飛鼠屬 mahiza u ke-se-mil lawal a Tabuk, ( ke-se-mil fey-su su , 喀什米爾飛鼠屬).

File: /Users/jkhartshorne/Documents/Projects/Formosan/Formosan-Wikipedias/Final_XML/Sakizaya/mungangaway_ku_tangah.xml:
Removed: 1. 標準化智力測驗 分數低於70.

File: /Users/jkhartshorne/Documents/Projects/Formosan/Formosan-Wikipedias/Final_XML/Sakizaya/mungangaway_ku_tangah.xml:
Removed: 1. 輕度智能障礙者

File: /Users/jkhartshorne/Documents/Projects/Formosan/Formosan-Wikipedias/Final_XML/Sakizaya/mungangaway_ku_tangah.xml:
Removed: 1. 中度智能障礙者

File: /Users/jkhartshorne/Documents/Projects/Formosan/Formosan-Wikipedias/Final_XML/Sakizaya/mungangaway_ku_tangah.xml:
Removed: 1. 重度智能障礙者

File: /Users/jkhartshorne/Documents/Projects/Formosan/Formosan-Wikipedias/Final_XML/Sakizaya/palasit_tu_kapahay_a_asipan_“nu_tademawan”.xml:
Removed: 1.不懂珍惜,給你金山也不會快樂.

File: /Users/jkhartshorne/Documents/Projects/Formosan/Formosan-Wikipedias/Final_XML/Sakizaya/palasit_tu_kapahay_a_asipan_“nu_tademawan”.xml:
Removed: 2.不懂寬容,再多朋友也終將離去.

File: /Users/jkhartshorne/Documents/Projects/Formosan/Formosan-Wikipedias/Final_XML/Sakizaya/palasit_tu_kapahay_a_asipan_“nu_tademawan”.xml:
Removed: 3.不懂感恩,再優秀也難以成功.

File: /Users/jkhartshorne/Documents/Projects/Formosan/Formosan-Wikipedias/Final_XML/Sakizaya/palasit_tu_kapahay_a_asipan_“nu_tademawan”.xml:
Removed: 4.不懂行動,再聰明也難以圓夢.

File: /Users/jkhartshorne/Documents/Projects/Formosan/Formosan-Wikipedias/Final_XML/Sakizaya/palasit_tu_kapahay_a_asipan_“nu_tademawan”.xml:
Removed: 5.不懂合作,再拼搏也難以大成.

File: /Users/jkhartshorne/Documents/Projects/Formosan/Formosan-Wikipedias/Final_XML/Sakizaya/palasit_tu_kapahay_a_asipan_“nu_tademawan”.xml:
Removed: 6.不懂積累,再掙錢也難以大富.

File: /Users/jkhartshorne/Documents/Projects/Formosan/Formosan-Wikipedias/Final_XML/Sakizaya/palasit_tu_kapahay_a_asipan_“nu_tademawan”.xml:
Removed: 7.不懂滿足,再富有也不幸福.

File: /Users/jkhartshorne/Documents/Projects/Formosan/Formosan-Wikipedias/Final_XML/Sakizaya/palasit_tu_kapahay_a_asipan_“nu_tademawan”.xml:
Removed: 8.不懂養生,再治療也難以長壽.

File: /Users/jkhartshorne/Documents/Projects/Formosan/Formosan-Wikipedias/Final_XML/Sakizaya/u_paysin_nu_Bunun.xml:
Removed: 11.anu miadup sa, amana tayza umah, zayhan namaluk sa, angtul tu kya tatak, apacekuk tu aadupen. 12. 狩獵時不能洗衣服,不能借火給別人,不能織布,違反了都會獵獸不中. 在獵人入山以後,家中有人死亡時,須派人叫回來,否則獵人會在山上遭遇意外之事而暴卒. 平日獵具不許女性撫觸,家屋內所懸掛獵獸頭骨,是為聖物,婦女亦不可觸摸. 此外有人打噴嚏或小孩大聲說話或哭泣,有人放屁及婦人們說了不該說的話等,皆違犯禁忌,出獵亦需延期或取消.

File: /Users/jkhartshorne/Documents/Projects/Formosan/Formosan-Wikipedias/Final_XML/Sakizaya/u_sakaydihan_naku_kinaising!.xml:
Removed: 1.跑步機的發明者逝世,享年54歲

File: /Users/jkhartshorne/Documents/Projects/Formosan/Formosan-Wikipedias/Final_XML/Sakizaya/u_sakaydihan_naku_kinaising!.xml:
Removed: 2.體操的發明者逝世,享年57歲

File: /Users/jkhartshorne/Documents/Projects/Formosan/Formosan-Wikipedias/Final_XML/Sakizaya/u_sakaydihan_naku_kinaising!.xml:
Removed: 3.世界健美冠軍去世,享年41歲

File: /Users/jkhartshorne/Documents/Projects/Formosan/Formosan-Wikipedias/Final_XML/Sakizaya/u_sakaydihan_naku_kinaising!.xml:
Removed: 5.肯德基的發明者逝世,享年94歲

File: /Users/jkhartshorne/Documents/Projects/Formosan/Formosan-Wikipedias/Final_XML/Sakizaya/u_sakaydihan_naku_kinaising!.xml:
Removed: 6.Nutella品牌的發明者逝世,享年88歲

File: /Users/jkhartshorne/Documents/Projects/Formosan/Formosan-Wikipedias/Final_XML/Sakizaya/u_sakaydihan_naku_kinaising!.xml:
Removed: 7.想象一下,香菸製造商溫斯頓逝世,享年102歲

File: /Users/jkhartshorne/Documents/Projects/Formosan/Formosan-Wikipedias/Final_XML/Sakizaya/u_sakaydihan_naku_kinaising!.xml:
Removed: 8.鴉片發明者在地震中去世,享年116歲

File: /Users/jkhartshorne/Documents/Projects/Formosan/Formosan-Wikipedias/Final_XML/Sakizaya/salaluma'.xml:
Removed: 1.請自行攜帶雨具 

File: /Users/jkhartshorne/Documents/Projects/Formosan/Formosan-Wikipedias/Final_XML/Sakizaya/salaluma'.xml:
Removed: 3.遇雨在野菜市集棚下集合

File: /Users/jkhartshorne/Documents/Projects/Formosan/Formosan-Wikipedias/Final_XML/Sakizaya/seking_nu_kumu_nu_binacadan.xml:
Removed: 3."大議題"有以下幾種:土地,語言,教育,就業....... 原住民族基本法

File: /Users/jkhartshorne/Documents/Projects/Formosan/Formosan-Wikipedias/Final_XML/Sakizaya/talabu_i_kilakilangan_nu_buyu'.xml:
Removed: 3. masuni' / 嘹亮

File: /Users/jkhartshorne/Documents/Projects/Formosan/Formosan-Wikipedias/Final_XML/Sakizaya/talabu_i_kilakilangan_nu_buyu'.xml:
Removed: 4. la'cusay / 不好的

File: /Users/jkhartshorne/Documents/Projects/Formosan/Formosan-Wikipedias/Final_XML/Sakizaya/talabu_i_kilakilangan_nu_buyu'.xml:
Removed: 10. mabi' / 睡

File: /Users/jkhartshorne/Documents/Projects/Formosan/Formosan-Wikipedias/Final_XML/Sakizaya/Nigeria.xml:
Removed: 3.因黎巴嫩移民甚多, 故亦有黎巴嫰餐廳.

File: /Users/jkhartshorne/Documents/Projects/Formosan/Formosan-Wikipedias/Final_XML/Sakizaya/Nigeria.xml:
Removed: 2.阿甘古釣魚文化節(Argungu Fishing and Culture Festival), 二月中旬至下旬在索卡多河河邊舉行,有一連串的水上活動比賽,如釣魚,空手抓魚,獵鴨,游泳等等.

File: /Users/jkhartshorne/Documents/Projects/Formosan/Formosan-Wikipedias/Final_XML/Sakizaya/Nigeria.xml:
Removed: 3.在八月時的Pategi Regatta也有水上活動競賽.

File: /Users/jkhartshorne/Documents/Projects/Formosan/Formosan-Wikipedias/Final_XML/Sakizaya/Mem-hua-paw.xml:
Removed: 1. amahadasi ku kuku’ 需要赤腳

File: /Users/jkhartshorne/Documents/Projects/Formosan/Formosan-Wikipedias/Final_XML/Sakizaya/Mem-hua-paw.xml:
Removed: 2. caay kasadid ku ba’tu 石灰岩不平坦

File: /Users/jkhartshorne/Documents/Projects/Formosan/Formosan-Wikipedias/Final_XML/Sakizaya/Lubus-Mapalaway-U_Kapah.xml:
Removed: 7.bataan / 十的單位

File: /Users/jkhartshorne/Documents/Projects/Formosan/Formosan-Wikipedias/Final_XML/Sakizaya/Lubus-Mapalaway-U_Kapah.xml:
Removed: 8.mangalep / 越來越...

File: /Users/jkhartshorne/Documents/Projects/Formosan/Formosan-Wikipedias/Final_XML/Sakizaya/Lubus-Mapalaway-U_Kapah.xml:
Removed: 1.tuni / 時間

File: /Users/jkhartshorne/Documents/Projects/Formosan/Formosan-Wikipedias/Final_XML/Sakizaya/Lubus-Mapalaway-U_Kapah.xml:
Removed: 7.lala' / 土

File: /Users/jkhartshorne/Documents/Projects/Formosan/Formosan-Wikipedias/Final_XML/Sakizaya/sapiseking_nu_kumu_nu_binacadan.xml:
Removed: 3."大議題"有以下幾種:土地,語言,教育,就業....... 原住民族基本法

File: /Users/jkhartshorne/Documents/Projects/Formosan/Formosan-Wikipedias/Final_XML/Sakizaya/sapiseking_nu_kamu_nu_binacadan.xml:
Removed: 3."大議題"有以下幾種:土地,語言,教育,就業....... 原住民族基本法

File: /Users/jkhartshorne/Documents/Projects/Formosan/Formosan-Wikipedias/Final_XML/Sakizaya/mahini_ku_nikaimelang.xml:
Removed: 1.“虛”的體質是覺的累,疲勞,犯困,沒有精神等…… “cueded”mahicay utiih, metalaw tu sienaw,metalaw tu bali, mabi tu labi sienaw sa…….

File: /Users/jkhartshorne/Documents/Projects/Formosan/Formosan-Wikipedias/Final_XML/Sakizaya/mahini_ku_nikaimelang.xml:
Removed: 2.“寒”的休質是感覺,怕冷,怕吹空調,晚上睡覺感覺冷等……

File: /Users/jkhartshorne/Documents/Projects/Formosan/Formosan-Wikipedias/Final_XML/Sakizaya/u_cudad_nu_mapalaway_a_dabak(20181018)：u_kawaw_nu_Palamal.xml:
Removed: 5. u canan ku mipuhpuh atu mibahbah；tu tademaw haw? tu tuutuud haw? tu di’tu haw? tu lala’ haw?

File: /Users/jkhartshorne/Documents/Projects/Formosan/Formosan-Wikipedias/Final_XML/Sakizaya/anu_sigang_samengmeng_han_henay.xml:
Removed: 1. 可怕的不是癌症,而是"癌症的治療".

File: /Users/jkhartshorne/Documents/Projects/Formosan/Formosan-Wikipedias/Final_XML/Sakizaya/anu_sigang_samengmeng_han_henay.xml:
Removed: 2. 發現得再早也沒用.

File: /Users/jkhartshorne/Documents/Projects/Formosan/Formosan-Wikipedias/Final_XML/Sakizaya/anu_sigang_samengmeng_han_henay.xml:
Removed: 1. 手術是人工造成的重傷.

File: /Users/jkhartshorne/Documents/Projects/Formosan/Formosan-Wikipedias/Final_XML/Sakizaya/anu_sigang_samengmeng_han_henay.xml:
Removed: 1. 化療劇毒.

File: /Users/jkhartshorne/Documents/Projects/Formosan/Formosan-Wikipedias/Final_XML/Sakizaya/anu_sigang_samengmeng_han_henay.xml:
Removed: 5.90%的癌症,無論治不治,生存時間都一樣.

File: /Users/jkhartshorne/Documents/Projects/Formosan/Formosan-Wikipedias/Final_XML/Sakizaya/lasubu_tu_mihcaan_a_nikaudip.xml:
Removed: 1. 退休後要多參加各種活動,多交朋友和參與人際交流,要避免隱居的生活.

File: /Users/jkhartshorne/Documents/Projects/Formosan/Formosan-Wikipedias/Final_XML/Sakizaya/lasubu_tu_mihcaan_a_nikaudip.xml:
Removed: 3. 養成外出接觸陽光的習慣,陽光可以增加腦內的幸福感物質,夜間會更產生Melatonin Hormone  能使人深睡.

File: /Users/jkhartshorne/Documents/Projects/Formosan/Formosan-Wikipedias/Final_XML/Sakizaya/lasubu_tu_mihcaan_a_nikaudip.xml:
Removed: 6. 養成固定持續的運動習慣,例如散步/游泳/登山/太極拳.

File: /Users/jkhartshorne/Documents/Projects/Formosan/Formosan-Wikipedias/Final_XML/Sakizaya/Li-el_wang.xml:
Removed: 2.高納里爾(Goneril或Gonerill):李爾的長女,奧本尼公爵的妻子

File: /Users/jkhartshorne/Documents/Projects/Formosan/Formosan-Wikipedias/Final_XML/Sakizaya/Li-el_wang.xml:
Removed: 3.里根(Regan):李爾的次女,康華爾公爵的妻子

File: /Users/jkhartshorne/Documents/Projects/Formosan/Formosan-Wikipedias/Final_XML/Sakizaya/Li-el_wang.xml:
Removed: 4.寇蒂莉亞 :李爾的三女,也是李爾最疼愛的女兒.

File: /Users/jkhartshorne/Documents/Projects/Formosan/Formosan-Wikipedias/Final_XML/Sakizaya/Li-el_wang.xml:
Removed: 7.葛羅斯特伯爵 :愛德伽和愛德蒙的父親,愛德蒙欺騙他,反對愛德伽,後來愛德伽扮裝逃亡.

File: /Users/jkhartshorne/Documents/Projects/Formosan/Formosan-Wikipedias/Final_XML/Sakizaya/Li-el_wang.xml:
Removed: 10.愛德伽 :葛羅斯特伯爵的兒子,他改裝後化名為"湯姆·白德蘭  ",繼續服侍他的父親,最後成為國王.

File: /Users/jkhartshorne/Documents/Projects/Formosan/Formosan-Wikipedias/Final_XML/Sakizaya/Li-el_wang.xml:
Removed: 12.弄人 :一個忠於李爾和寇蒂莉亞的宮廷小丑.

File: /Users/jkhartshorne/Documents/Projects/Formosan/Formosan-Wikipedias/Final_XML/Sakizaya/takulahay_a_tayu’hican_mukan.xml:
Removed: 2. 預防心血管疾病

File: /Users/jkhartshorne/Documents/Projects/Formosan/Formosan-Wikipedias/Final_XML/Sakizaya/takulahay_a_tayu’hican_mukan.xml:
Removed: 3. 預防認知功能退化與失智

File: /Users/jkhartshorne/Documents/Projects/Formosan/Formosan-Wikipedias/Final_XML/Sakizaya/takulahay_a_tayu’hican_mukan.xml:
Removed: 4. 預防消化道癌症與抗癌

File: /Users/jkhartshorne/Documents/Projects/Formosan/Formosan-Wikipedias/Final_XML/Sakizaya/takulahay_a_tayu’hican_mukan.xml:
Removed: 2. 胃潰瘍患者

File: /Users/jkhartshorne/Documents/Projects/Formosan/Formosan-Wikipedias/Final_XML/Sakizaya/takulahay_a_tayu’hican_mukan.xml:
Removed: 4.月經來潮

File: /Users/jkhartshorne/Documents/Projects/Formosan/Formosan-Wikipedias/Final_XML/Sakizaya/takulahay_a_tayu’hican_mukan.xml:
Removed: 5.孕婦,備孕者

File: /Users/jkhartshorne/Documents/Projects/Formosan/Formosan-Wikipedias/Final_XML/Sakizaya/takulahay_a_tayu’hican_mukan.xml:
Removed: 1. 薑黃飯

File: /Users/jkhartshorne/Documents/Projects/Formosan/Formosan-Wikipedias/Final_XML/Sakizaya/takulahay_a_tayu’hican_mukan.xml:
Removed: 2. 薑黃南瓜湯

File: /Users/jkhartshorne/Documents/Projects/Formosan/Formosan-Wikipedias/Final_XML/Sakizaya/satipan_tu_mikulitay_a_nadipaan_西方美術史.xml:
Removed: 5. 廿世紀至今

File: /Users/jkhartshorne/Documents/Projects/Formosan/Formosan-Wikipedias/Final_XML/Sakizaya/hung_-i_saydan_sapabalucu’_a_limaay_a_kamu.xml:
Removed: 1.凡是你想控制的,其實都控制了你,

File: /Users/jkhartshorne/Documents/Projects/Formosan/Formosan-Wikipedias/Final_XML/Sakizaya/i_pana_nu_luma’_misalama’_sakamaenepay_kapiazih_tu_wawa_i_putah_misalama_ni_pitu點.xml:
Removed: 7.把握1:1原則

File: /Users/jkhartshorne/Documents/Projects/Formosan/Formosan-Wikipedias/Final_XML/Sakizaya/adidi’ay_mapalaway_atatayna.xml:
Removed: 06.10.2017, No Comments, 德國童話故事, by story.

File: /Users/jkhartshorne/Documents/Projects/Formosan/Formosan-Wikipedias/Final_XML/Paiwan/yuzilu.xml:
Removed: 1.參考資料:

File: /Users/jkhartshorne/Documents/Projects/Formosan/Formosan-Wikipedias/Final_XML/Paiwan/qayu.xml:
Removed: 1.鄭漢文,王相華,鄭惠芬,賴紅炎編(2005),"排灣族民族植物",行政院農業委員會林業試驗所.P136.

File: /Users/jkhartshorne/Documents/Projects/Formosan/Formosan-Wikipedias/Final_XML/Paiwan/piljay.xml:
Removed: 1.排灣族民族植物,鄭漢文,王相華,鄭惠芬,賴紅炎,2005.行政院農業委員會林業試驗所.P289.

File: /Users/jkhartshorne/Documents/Projects/Formosan/Formosan-Wikipedias/Final_XML/Paiwan/Hu_Tai-Li.xml:
Removed: 1.維基百科-胡台麗,

File: /Users/jkhartshorne/Documents/Projects/Formosan/Formosan-Wikipedias/Final_XML/Paiwan/ljumay.xml:
Removed: 1. 

File: /Users/jkhartshorne/Documents/Projects/Formosan/Formosan-Wikipedias/Final_XML/Paiwan/sekazu.xml:
Removed: 1.鄭漢文,王相華,鄭惠芬,賴紅炎編(2005),"排灣族民族植物",行政院農業委員會林業試驗所.P135.

File: /Users/jkhartshorne/Documents/Projects/Formosan/Formosan-Wikipedias/Final_XML/Paiwan/vanaq.xml:
Removed: 3. "恩麻尤布emaljup",金峰鄉公所出版.P41,42.

File: /Users/jkhartshorne/Documents/Projects/Formosan/Formosan-Wikipedias/Final_XML/Paiwan/tjeves.xml:
Removed: 1.鄭漢文,王相華,鄭惠芬,賴紅炎編(2005),"排灣族民族植物",行政院農業委員會林業試驗所.P297.

File: /Users/jkhartshorne/Documents/Projects/Formosan/Formosan-Wikipedias/Final_XML/Paiwan/sapeljik.xml:
Removed: 1.鄭漢文,王相華,鄭惠芬,賴紅炎編(2005),"排灣族民族植物",行政院農業委員會林業試驗所.P107-108.

File: /Users/jkhartshorne/Documents/Projects/Formosan/Formosan-Wikipedias/Final_XML/Paiwan/ljaves.xml:
Removed: 1.鄭漢文,王相華,鄭惠芬,賴紅炎編(2005),"排灣族民族植物",行政院農業委員會林業試驗所.P244.

File: /Users/jkhartshorne/Documents/Projects/Formosan/Formosan-Wikipedias/Final_XML/Paiwan/viljuaq.xml:
Removed: 1.鄭漢文,王相華,鄭惠芬,賴紅炎編(2005),"排灣族民族植物",行政院農業委員會林業試驗所.P79-80.

File: /Users/jkhartshorne/Documents/Projects/Formosan/Formosan-Wikipedias/Final_XML/Paiwan/ljisava.xml:
Removed: 1.鄭漢文,王相華,鄭惠芬,賴紅炎編(2005),"排灣族民族植物",行政院農業委員會林業試驗所.P66.

File: /Users/jkhartshorne/Documents/Projects/Formosan/Formosan-Wikipedias/Final_XML/Paiwan/gingningmu.xml:
Removed: 1.排灣族民族植物,鄭漢文,王相華,鄭惠芬,賴紅炎,2005.行政院農業委員會林業試驗所.P276.

File: /Users/jkhartshorne/Documents/Projects/Formosan/Formosan-Wikipedias/Final_XML/Paiwan/rumicing.xml:
Removed: 1.鄭漢文,王相華,鄭惠芬,賴紅炎編(2005),"排灣族民族植物",行政院農業委員會林業試驗所.P145.

File: /Users/jkhartshorne/Documents/Projects/Formosan/Formosan-Wikipedias/Final_XML/Paiwan/ljabecubecuq.xml:
Removed: 1.維基百科－蕹菜,網址: 

File: /Users/jkhartshorne/Documents/Projects/Formosan/Formosan-Wikipedias/Final_XML/Paiwan/ljavangas.xml:
Removed: 1.咸豐草－部落野菜食在健康,網址: 2.鄭漢文,王相華,鄭惠芬,賴紅炎編(2005),"排灣族民族植物",行政院農業委員會林業試驗所.P67.

File: /Users/jkhartshorne/Documents/Projects/Formosan/Formosan-Wikipedias/Final_XML/Paiwan/vacinga.xml:
Removed: 1.鄭漢文,王相華,鄭惠芬,賴紅炎編(2005),"排灣族民族植物",行政院農業委員會林業試驗所.P241-242.

File: /Users/jkhartshorne/Documents/Projects/Formosan/Formosan-Wikipedias/Final_XML/Paiwan/puk.xml:
Removed: 1.鄭漢文,王相華,鄭惠芬,賴紅炎編(2005),"排灣族民族植物",行政院農業委員會林業試驗所.P105.

File: /Users/jkhartshorne/Documents/Projects/Formosan/Formosan-Wikipedias/Final_XML/Paiwan/ljamudu.xml:
Removed: 1.排灣族民族植物,鄭漢文,王相華,鄭惠芬,賴紅炎,2005.行政院農業委員會林業試驗所.P117.

File: /Users/jkhartshorne/Documents/Projects/Formosan/Formosan-Wikipedias/Final_XML/Paiwan/kacu.xml:
Removed: 1.鄭漢文,王相華,鄭惠芬,賴紅炎編(2005),"排灣族民族植物",行政院農業委員會林業試驗所.節錄自P195.

File: /Users/jkhartshorne/Documents/Projects/Formosan/Formosan-Wikipedias/Final_XML/Paiwan/paljaqic.xml:
Removed: 1.鄭漢文,王相華,鄭惠芬,賴紅炎編(2005),"排灣族民族植物",行政院農業委員會林業試驗所.P222.

File: /Users/jkhartshorne/Documents/Projects/Formosan/Formosan-Wikipedias/Final_XML/Paiwan/ljakidjur.xml:
Removed: 1.鄭漢文,王相華,鄭惠芬,賴紅炎編(2005),"排灣族民族植物",行政院農業委員會林業試驗所.P191.

File: /Users/jkhartshorne/Documents/Projects/Formosan/Formosan-Wikipedias/Final_XML/Paiwan/saluda.xml:
Removed: 1.鄭漢文,王相華,鄭惠芬,賴紅炎編(2005),"排灣族民族植物",行政院農業委員會林業試驗所.P243.

File: /Users/jkhartshorne/Documents/Projects/Formosan/Formosan-Wikipedias/Final_XML/Paiwan/valjingat.xml:
Removed: 1.鄭漢文,王相華,鄭惠芬,賴紅炎編(2005),"排灣族民族植物",行政院農業委員會林業試驗所.P74.

File: /Users/jkhartshorne/Documents/Projects/Formosan/Formosan-Wikipedias/Final_XML/Paiwan/tjanaq.xml:
Removed: 1.鄭漢文,王相華,鄭惠芬,賴紅炎編(2005),"排灣族民族植物",行政院農業委員會林業試驗所.P211.

File: /Users/jkhartshorne/Documents/Projects/Formosan/Formosan-Wikipedias/Final_XML/Paiwan/puluc.xml:
Removed: 1.鄭漢文,王相華,鄭惠芬,賴紅炎編(2005),"排灣族民族植物",行政院農業委員會林業試驗所.P239.

