Final_XML/ep3_文化篇/Saaroa/Saaroa.xml:
Original: hla&rsquo;alua
Modified: hla’alua

Final_XML/ep3_文化篇/Saaroa/Saaroa.xml:
Original: kani&rsquo;inani
Modified: kani’inani

Final_XML/ep3_文化篇/Saaroa/Saaroa.xml:
Original: pakisia&rsquo;a
Modified: pakisia’a

Final_XML/ep3_文化篇/Saaroa/Saaroa.xml:
Original: &rsquo;aulia
Modified: ’aulia

Final_XML/ep3_文化篇/Saaroa/Saaroa.xml:
Original: mi&rsquo;a&rsquo;a
Modified: mi’a’a

Final_XML/ep3_文化篇/Saaroa/Saaroa.xml:
Original: &rsquo;ukui
Modified: ’ukui

Final_XML/ep3_文化篇/Saaroa/Saaroa.xml:
Original: atavʉrʉcisa pala&rsquo;ula
Modified: atavʉrʉcisa pala’ula

Final_XML/ep3_文化篇/Saaroa/Saaroa.xml:
Original: ma&rsquo;ula
Modified: ma’ula

Final_XML/ep3_文化篇/Saaroa/Saaroa.xml:
Original: &rsquo;urai alʉmʉhlʉ
Modified: ’urai alʉmʉhlʉ

Final_XML/ep3_文化篇/Saaroa/Saaroa.xml:
Original: papa&rsquo;a
Modified: papa’a

Final_XML/ep3_文化篇/Saaroa/Saaroa.xml:
Original: pitalu&rsquo;apuluacu
Modified: pitalu’apuluacu

Final_XML/ep3_文化篇/Saaroa/Saaroa.xml:
Original: ilu&rsquo;u
Modified: ilu’u

Final_XML/ep3_文化篇/Saaroa/Saaroa.xml:
Original: kuli&rsquo;i
Modified: kuli’i

Final_XML/ep3_文化篇/Saaroa/Saaroa.xml:
Original: miavararʉ kiu&rsquo;u
Modified: miavararʉ kiu’u

Final_XML/ep3_文化篇/Saaroa/Saaroa.xml:
Original: &rsquo;uracʉ
Modified: ’uracʉ

Final_XML/ep3_文化篇/Saaroa/Saaroa.xml:
Original: ta&rsquo;iara
Modified: ta’iara

Final_XML/ep3_文化篇/Saaroa/Saaroa.xml:
Original: &rsquo;ʉlʉvʉ
Modified: ’ʉlʉvʉ

Final_XML/ep3_文化篇/Saaroa/Saaroa.xml:
Original: sana&rsquo;ʉ
Modified: sana’ʉ

Final_XML/ep3_文化篇/Saaroa/Saaroa.xml:
Original: &rsquo;alaliamʉ
Modified: ’alaliamʉ

Final_XML/ep3_文化篇/Saaroa/Saaroa.xml:
Original: &rsquo;ungu
Modified: ’ungu

Final_XML/ep3_文化篇/Saaroa/Saaroa.xml:
Original: &rsquo;isisi
Modified: ’isisi

Final_XML/ep3_文化篇/Saaroa/Saaroa.xml:
Original: vuhli&rsquo;itaiisa
Modified: vuhli’itaiisa

Final_XML/ep3_文化篇/Saaroa/Saaroa.xml:
Original: vui&rsquo;i
Modified: vui’i

Final_XML/ep3_文化篇/Saaroa/Saaroa.xml:
Original: tupi&rsquo;i
Modified: tupi’i

Final_XML/ep3_文化篇/Saaroa/Saaroa.xml:
Original: ta&rsquo;imisimia
Modified: ta’imisimia

Final_XML/ep3_文化篇/Saaroa/Saaroa.xml:
Original: &rsquo;arisapʉta
Modified: ’arisapʉta

Final_XML/ep3_文化篇/Saaroa/Saaroa.xml:
Original: &rsquo;ilikusu
Modified: ’ilikusu

Final_XML/ep3_文化篇/Thao/Thao.xml:
Original: in&rsquo;ia&rsquo;ianan
Modified: in’ia’ianan

Final_XML/ep3_文化篇/Thao/Thao.xml:
Original: mu&rsquo;apaw
Modified: mu’apaw

Final_XML/ep3_文化篇/Thao/Thao.xml:
Original: az&rsquo;az
Modified: az’az

Final_XML/ep3_文化篇/Thao/Thao.xml:
Original: puqaizu&rsquo;an
Modified: puqaizu’an

Final_XML/ep3_文化篇/Thao/Thao.xml:
Original: lus&rsquo;aniza
Modified: lus’aniza

Final_XML/ep3_文化篇/Thao/Thao.xml:
Original: pit&rsquo;ia
Modified: pit’ia

Final_XML/ep3_文化篇/Thao/Thao.xml:
Original: pin&rsquo;apuy
Modified: pin’apuy

Final_XML/ep3_文化篇/Thao/Thao.xml:
Original: minlus&rsquo;an
Modified: minlus’an

Final_XML/ep3_文化篇/Tsou/Tsou.xml:
Original: micuc&rsquo;o
Modified: micuc’o

Final_XML/ep3_文化篇/Tsou/Tsou.xml:
Original: taot&rsquo;ova
Modified: taot’ova

Final_XML/ep3_文化篇/Tsou/Tsou.xml:
Original: ’o&rsquo;otohva
Modified: ’o’otohva

Final_XML/ep3_文化篇/Tsou/Tsou.xml:
Original: cono ceʉ&rsquo;fʉ
Modified: cono ceʉ’fʉ

Final_XML/ep3_文化篇/Tsou/Tsou.xml:
Original: &rsquo;ue
Modified: ’ue

Final_XML/ep3_文化篇/Atayal/YilanZeaol_Atayal.xml:
Original: s&rsquo;utux
Modified: s’utux

Final_XML/ep3_文化篇/Atayal/YilanZeaol_Atayal.xml:
Original: s&rsquo;ringan
Modified: s’ringan

Final_XML/ep3_文化篇/Atayal/YilanZeaol_Atayal.xml:
Original: m&rsquo;ara
Modified: m’ara

Final_XML/ep3_文化篇/Atayal/YilanZeaol_Atayal.xml:
Original: m&rsquo;nuhiy
Modified: m’nuhiy

Final_XML/ep3_文化篇/Atayal/YilanZeaol_Atayal.xml:
Original: pn&rsquo;omah
Modified: pn’omah

Final_XML/ep3_文化篇/Atayal/YilanZeaol_Atayal.xml:
Original: knba&rsquo;an
Modified: knba’an

Final_XML/ep3_文化篇/Atayal/YilanZeaol_Atayal.xml:
Original: mn&rsquo;aring
Modified: mn’aring

Final_XML/ep3_文化篇/Atayal/YilanZeaol_Atayal.xml:
Original: sba&rsquo;an
Modified: sba’an

Final_XML/ep3_文化篇/Atayal/YilanZeaol_Atayal.xml:
Original: k&rsquo;elang
Modified: k’elang

Final_XML/ep3_文化篇/Atayal/YilanZeaol_Atayal.xml:
Original: p&rsquo;uluw
Modified: p’uluw

Final_XML/ep3_文化篇/Atayal/YilanZeaol_Atayal.xml:
Original: kns&rsquo;osan
Modified: kns’osan

Final_XML/ep3_文化篇/Atayal/YilanZeaol_Atayal.xml:
Original: k&rsquo;aki
Modified: k’aki

Final_XML/ep3_文化篇/Atayal/YilanZeaol_Atayal.xml:
Original: k&rsquo;aya
Modified: k’aya

Final_XML/ep3_文化篇/Atayal/YilanZeaol_Atayal.xml:
Original: s&rsquo;uluw
Modified: s’uluw

Final_XML/ep3_文化篇/Atayal/YilanZeaol_Atayal.xml:
Original: s&rsquo;aras
Modified: s’aras

Final_XML/ep3_文化篇/Atayal/YilanZeaol_Atayal.xml:
Original: m&rsquo;nerin
Modified: m’nerin

Final_XML/ep3_文化篇/Atayal/YilanZeaol_Atayal.xml:
Original: ms&rsquo;utux
Modified: ms’utux

Final_XML/ep3_文化篇/Atayal/YilanZeaol_Atayal.xml:
Original: ps&rsquo;unan
Modified: ps’unan

Final_XML/ep3_文化篇/Atayal/YilanZeaol_Atayal.xml:
Original: ms&rsquo;utux tnuxan
Modified: ms’utux tnuxan

Final_XML/ep3_文化篇/Atayal/YilanZeaol_Atayal.xml:
Original: tmami &rsquo;cyux
Modified: tmami ’cyux

Final_XML/ep3_文化篇/Atayal/YilanZeaol_Atayal.xml:
Original: ptasan r&rsquo;yas
Modified: ptasan r’yas

Final_XML/ep3_文化篇/Atayal/YilanZeaol_Atayal.xml:
Original: p&rsquo;es
Modified: p’es

Final_XML/ep3_文化篇/Atayal/YilanZeaol_Atayal.xml:
Original: uwaw s&rsquo;esan
Modified: uwaw s’esan

Final_XML/ep3_文化篇/Atayal/YilanZeaol_Atayal.xml:
Original: g&rsquo;anus kawas
Modified: g’anus kawas

Final_XML/ep3_文化篇/Atayal/YilanZeaol_Atayal.xml:
Original: t&rsquo;waw
Modified: t’waw

Final_XML/ep3_文化篇/Atayal/YilanZeaol_Atayal.xml:
Original: p&rsquo;knerin
Modified: p’knerin

Final_XML/ep3_文化篇/Atayal/YilanZeaol_Atayal.xml:
Original: mho&rsquo;in
Modified: mho’in

Final_XML/ep3_文化篇/Atayal/YilanZeaol_Atayal.xml:
Original: tmsu&rsquo;an
Modified: tmsu’an

Final_XML/ep3_文化篇/Atayal/YilanZeaol_Atayal.xml:
Original: nho&rsquo;in
Modified: nho’in

Final_XML/ep3_文化篇/Atayal/YilanZeaol_Atayal.xml:
Original: hng&rsquo;un
Modified: hng’un

Final_XML/ep3_文化篇/Atayal/YilanZeaol_Atayal.xml:
Original: pn&rsquo;utux
Modified: pn’utux

Final_XML/ep3_文化篇/Atayal/YilanZeaol_Atayal.xml:
Original: p&rsquo;was
Modified: p’was

Final_XML/ep3_文化篇/Atayal/YilanZeaol_Atayal.xml:
Original: m&rsquo;Tayal
Modified: m’Tayal

Final_XML/ep3_文化篇/Atayal/YilanZeaol_Atayal.xml:
Original: m&rsquo;alang
Modified: m’alang

Final_XML/ep3_文化篇/Atayal/YilanZeaol_Atayal.xml:
Original: p&rsquo;aras
Modified: p’aras

Final_XML/ep3_文化篇/Atayal/Zeaol_Atayal.xml:
Original: s&rsquo;bya
Modified: s’bya

Final_XML/ep3_文化篇/Atayal/Zeaol_Atayal.xml:
Original: &rsquo;misan
Modified: ’misan

Final_XML/ep3_文化篇/Atayal/Zeaol_Atayal.xml:
Original: m&rsquo;apung
Modified: m’apung

Final_XML/ep3_文化篇/Atayal/Zeaol_Atayal.xml:
Original: r&rsquo;iri
Modified: r’iri

Final_XML/ep3_文化篇/Atayal/Zeaol_Atayal.xml:
Original: gaga pin&rsquo;wagi
Modified: gaga pin’wagi

Final_XML/ep3_文化篇/Atayal/Wanda_Atayal.xml:
Original: mastuhya&rsquo;
Modified: mastuhya’

Final_XML/ep3_文化篇/Atayal/FourSeasons_Atayal.xml:
Original: S&rsquo;ciq 
Modified: S’ciq 

Final_XML/ep3_文化篇/Atayal/FourSeasons_Atayal.xml:
Original: &rsquo;tuxan
Modified: ’tuxan

Final_XML/ep3_文化篇/Atayal/FourSeasons_Atayal.xml:
Original: hi&rsquo;an
Modified: hi’an

Final_XML/ep3_文化篇/Atayal/FourSeasons_Atayal.xml:
Original: mu&rsquo;
Modified: mu’

Final_XML/ep3_文化篇/Puyuma/Jianhe_Puyuma.xml:
Original: varasarasa&rsquo;
Modified: varasarasa’

Final_XML/ep3_文化篇/Puyuma/Zhiben_Puyuma.xml:
Original: vu&rsquo;enin
Modified: vu’enin

Final_XML/ep3_文化篇/Puyuma/Zhiben_Puyuma.xml:
Original: mituruma&rsquo;an
Modified: mituruma’an

Final_XML/ep3_文化篇/Puyuma/Zhiben_Puyuma.xml:
Original: turuma&rsquo;an
Modified: turuma’an

Final_XML/ep3_文化篇/Puyuma/Zhiben_Puyuma.xml:
Original: puwaturuma&rsquo;an
Modified: puwaturuma’an

Final_XML/ep3_文化篇/Puyuma/Zhiben_Puyuma.xml:
Original: turaruma&rsquo;an
Modified: turaruma’an

Final_XML/ep3_文化篇/Puyuma/Zhiben_Puyuma.xml:
Original: &rsquo;emarawa
Modified: ’emarawa

Final_XML/ep3_文化篇/Puyuma/Zhiben_Puyuma.xml:
Original: &rsquo;emasi
Modified: ’emasi

Final_XML/ep3_文化篇/Puyuma/Zhiben_Puyuma.xml:
Original: parevuwa&rsquo;
Modified: parevuwa’

Final_XML/ep3_文化篇/Puyuma/Zhiben_Puyuma.xml:
Original: ma&rsquo;iyar
Modified: ma’iyar

Final_XML/ep3_文化篇/Puyuma/Zhiben_Puyuma.xml:
Original: ulali&rsquo;it
Modified: ulali’it

Final_XML/ep3_文化篇/Puyuma/Zhiben_Puyuma.xml:
Original: ma&rsquo;at
Modified: ma’at

Final_XML/ep3_文化篇/Puyuma/Zhiben_Puyuma.xml:
Original: temu&rsquo;tu&rsquo;
Modified: temu’tu’

Final_XML/ep3_文化篇/Puyuma/Xiqun_Puyuma.xml:
Original: seme&rsquo;era
Modified: seme’era

Final_XML/ep3_文化篇/Puyuma/Xiqun_Puyuma.xml:
Original: pareka&rsquo;inavanava
Modified: pareka’inavanava

Final_XML/ep3_文化篇/Puyuma/Xiqun_Puyuma.xml:
Original: ma&rsquo;ara&rsquo;araw
Modified: ma’ara’araw

Final_XML/ep3_文化篇/Rukai/Eastern_Rukai.xml:
Original: &rsquo;asalisi
Modified: ’asalisi

Final_XML/ep3_文化篇/Rukai/Dona_Rukai.xml:
Original: dida&rsquo;ane
Modified: dida’ane

Final_XML/ep3_文化篇/Rukai/Dona_Rukai.xml:
Original: sadodoko&rsquo;o
Modified: sadodoko’o

Final_XML/ep3_文化篇/Rukai/Dona_Rukai.xml:
Original: ca&rsquo;ebe
Modified: ca’ebe

Final_XML/ep3_文化篇/Rukai/Dona_Rukai.xml:
Original: &rsquo;enggake
Modified: ’enggake

Final_XML/ep3_文化篇/Rukai/Dona_Rukai.xml:
Original: ma&rsquo;akadoapenga
Modified: ma’akadoapenga

Final_XML/ep3_文化篇/Rukai/Dona_Rukai.xml:
Original: thakada&rsquo;ane
Modified: thakada’ane

Final_XML/ep3_文化篇/Rukai/Dona_Rukai.xml:
Original: kyaigo&rsquo;o
Modified: kyaigo’o

Final_XML/ep3_文化篇/Rukai/Dona_Rukai.xml:
Original: koka&rsquo;olo
Modified: koka’olo

Final_XML/ep3_文化篇/Rukai/Dona_Rukai.xml:
Original: ta&rsquo;acoavanimade
Modified: ta’acoavanimade

Final_XML/ep3_文化篇/Rukai/Dona_Rukai.xml:
Original: &rsquo;abakini na pelenge
Modified: ’abakini na pelenge

Final_XML/ep3_文化篇/Rukai/Dona_Rukai.xml:
Original: kasoa&rsquo;ane
Modified: kasoa’ane

Final_XML/ep3_文化篇/Rukai/Dona_Rukai.xml:
Original: tyadike&rsquo;ee
Modified: tyadike’ee

Final_XML/ep3_文化篇/Rukai/Dona_Rukai.xml:
Original: &rsquo;alapi
Modified: ’alapi

Final_XML/ep3_文化篇/Rukai/Dona_Rukai.xml:
Original: &rsquo;aedre
Modified: ’aedre

Final_XML/ep3_文化篇/Rukai/Dona_Rukai.xml:
Original: sapa&rsquo;a
Modified: sapa’a

Final_XML/ep3_文化篇/Rukai/Dona_Rukai.xml:
Original: pa&rsquo;athingalane
Modified: pa’athingalane

Final_XML/ep3_文化篇/Rukai/Dona_Rukai.xml:
Original: ma&rsquo;akava&rsquo;iyanenga
Modified: ma’akava’iyanenga

Final_XML/ep3_文化篇/Sakizaya/Sakizaya.xml:
Original: lumeni&rsquo;ay
Modified: lumeni’ay

Final_XML/ep3_文化篇/Sakizaya/Sakizaya.xml:
Original: saleni&rsquo;
Modified: saleni’

Final_XML/ep3_文化篇/Sakizaya/Sakizaya.xml:
Original: la&rsquo;cus
Modified: la’cus

Final_XML/ep3_文化篇/Sakizaya/Sakizaya.xml:
Original: lusa&rsquo;
Modified: lusa’

Final_XML/ep3_文化篇/Sakizaya/Sakizaya.xml:
Original: ma&rsquo;desay
Modified: ma’desay

Final_XML/ep3_文化篇/Sakizaya/Sakizaya.xml:
Original: binazu&rsquo;
Modified: binazu’

Final_XML/ep3_文化篇/Sakizaya/Sakizaya.xml:
Original: patatenga&rsquo;
Modified: patatenga’

Final_XML/ep3_文化篇/Sakizaya/Sakizaya.xml:
Original: ngiha&rsquo;
Modified: ngiha’

Final_XML/ep3_文化篇/Sakizaya/Sakizaya.xml:
Original: ngelu&rsquo;
Modified: ngelu’

Final_XML/ep3_文化篇/Sakizaya/Sakizaya.xml:
Original: misaluma&rsquo;
Modified: misaluma’

Final_XML/ep3_文化篇/Sakizaya/Sakizaya.xml:
Original: laluma&rsquo;an
Modified: laluma’an

Final_XML/ep3_文化篇/Bunun/Luanqun_Bunun.xml:
Original: ki&rsquo;haz
Modified: ki’haz

Final_XML/ep3_文化篇/Bunun/Kaqun_Bunun.xml:
Original: takdada&rsquo;an
Modified: takdada’an

Final_XML/ep3_文化篇/Kavalan/Kavalan.xml:
Original: bawa&rsquo;
Modified: bawa’

Final_XML/ep3_文化篇/Kanakanavu/Kanakanavu.xml:
Original: kakanaa&rsquo;ua
Modified: kakanaa’ua

Final_XML/ep3_文化篇/Saisiyat/Saisiyat.xml:
Original: &rsquo;omalep
Modified: ’omalep

Final_XML/ep3_文化篇/Saisiyat/Saisiyat.xml:
Original: laliyabo&rsquo;
Modified: laliyabo’

Final_XML/ep2_文化篇/Saaroa/Saaroa.xml:
Original: hla&rsquo;alua
Modified: hla’alua

Final_XML/ep2_文化篇/Saaroa/Saaroa.xml:
Original: kani&rsquo;inani
Modified: kani’inani

Final_XML/ep2_文化篇/Saaroa/Saaroa.xml:
Original: pakisia&rsquo;a
Modified: pakisia’a

Final_XML/ep2_文化篇/Saaroa/Saaroa.xml:
Original: &rsquo;aulia
Modified: ’aulia

Final_XML/ep2_文化篇/Saaroa/Saaroa.xml:
Original: mi&rsquo;a&rsquo;a
Modified: mi’a’a

Final_XML/ep2_文化篇/Saaroa/Saaroa.xml:
Original: &rsquo;ukui
Modified: ’ukui

Final_XML/ep2_文化篇/Saaroa/Saaroa.xml:
Original: atavʉrʉcisa pala&rsquo;ula
Modified: atavʉrʉcisa pala’ula

Final_XML/ep2_文化篇/Saaroa/Saaroa.xml:
Original: ma&rsquo;ula
Modified: ma’ula

Final_XML/ep2_文化篇/Saaroa/Saaroa.xml:
Original: &rsquo;urai alʉmʉhlʉ
Modified: ’urai alʉmʉhlʉ

Final_XML/ep2_文化篇/Saaroa/Saaroa.xml:
Original: papa&rsquo;a
Modified: papa’a

Final_XML/ep2_文化篇/Saaroa/Saaroa.xml:
Original: pitalu&rsquo;apuluacu
Modified: pitalu’apuluacu

Final_XML/ep2_文化篇/Saaroa/Saaroa.xml:
Original: ilu&rsquo;u
Modified: ilu’u

Final_XML/ep2_文化篇/Saaroa/Saaroa.xml:
Original: kuli&rsquo;i
Modified: kuli’i

Final_XML/ep2_文化篇/Saaroa/Saaroa.xml:
Original: miavararʉ kiu&rsquo;u
Modified: miavararʉ kiu’u

Final_XML/ep2_文化篇/Saaroa/Saaroa.xml:
Original: &rsquo;uracʉ
Modified: ’uracʉ

Final_XML/ep2_文化篇/Saaroa/Saaroa.xml:
Original: ta&rsquo;iara
Modified: ta’iara

Final_XML/ep2_文化篇/Saaroa/Saaroa.xml:
Original: &rsquo;ʉlʉvʉ
Modified: ’ʉlʉvʉ

Final_XML/ep2_文化篇/Saaroa/Saaroa.xml:
Original: sana&rsquo;ʉ
Modified: sana’ʉ

Final_XML/ep2_文化篇/Saaroa/Saaroa.xml:
Original: &rsquo;alaliamʉ
Modified: ’alaliamʉ

Final_XML/ep2_文化篇/Saaroa/Saaroa.xml:
Original: &rsquo;ungu
Modified: ’ungu

Final_XML/ep2_文化篇/Saaroa/Saaroa.xml:
Original: &rsquo;isisi
Modified: ’isisi

Final_XML/ep2_文化篇/Saaroa/Saaroa.xml:
Original: vuhli&rsquo;itaiisa
Modified: vuhli’itaiisa

Final_XML/ep2_文化篇/Saaroa/Saaroa.xml:
Original: vui&rsquo;i
Modified: vui’i

Final_XML/ep2_文化篇/Saaroa/Saaroa.xml:
Original: tupi&rsquo;i
Modified: tupi’i

Final_XML/ep2_文化篇/Saaroa/Saaroa.xml:
Original: ta&rsquo;imisimia
Modified: ta’imisimia

Final_XML/ep2_文化篇/Saaroa/Saaroa.xml:
Original: &rsquo;arisapʉta
Modified: ’arisapʉta

Final_XML/ep2_文化篇/Saaroa/Saaroa.xml:
Original: &rsquo;ilikusu
Modified: ’ilikusu

Final_XML/ep2_文化篇/Thao/Thao.xml:
Original: in&rsquo;ia&rsquo;ianan
Modified: in’ia’ianan

Final_XML/ep2_文化篇/Thao/Thao.xml:
Original: mu&rsquo;apaw
Modified: mu’apaw

Final_XML/ep2_文化篇/Thao/Thao.xml:
Original: az&rsquo;az
Modified: az’az

Final_XML/ep2_文化篇/Thao/Thao.xml:
Original: puqaizu&rsquo;an
Modified: puqaizu’an

Final_XML/ep2_文化篇/Thao/Thao.xml:
Original: lus&rsquo;aniza
Modified: lus’aniza

Final_XML/ep2_文化篇/Thao/Thao.xml:
Original: pit&rsquo;ia
Modified: pit’ia

Final_XML/ep2_文化篇/Thao/Thao.xml:
Original: pin&rsquo;apuy
Modified: pin’apuy

Final_XML/ep2_文化篇/Thao/Thao.xml:
Original: minlus&rsquo;an
Modified: minlus’an

Final_XML/ep2_文化篇/Tsou/Tsou.xml:
Original: micuc&rsquo;o
Modified: micuc’o

Final_XML/ep2_文化篇/Tsou/Tsou.xml:
Original: taot&rsquo;ova
Modified: taot’ova

Final_XML/ep2_文化篇/Tsou/Tsou.xml:
Original: ’o&rsquo;otohva
Modified: ’o’otohva

Final_XML/ep2_文化篇/Tsou/Tsou.xml:
Original: cono ceʉ&rsquo;fʉ
Modified: cono ceʉ’fʉ

Final_XML/ep2_文化篇/Tsou/Tsou.xml:
Original: &rsquo;ue
Modified: ’ue

Final_XML/ep2_文化篇/Atayal/Zeaol_Atayal.xml:
Original: s&rsquo;bya
Modified: s’bya

Final_XML/ep2_文化篇/Atayal/Zeaol_Atayal.xml:
Original: &rsquo;misan
Modified: ’misan

Final_XML/ep2_文化篇/Atayal/Zeaol_Atayal.xml:
Original: m&rsquo;apung
Modified: m’apung

Final_XML/ep2_文化篇/Atayal/Zeaol_Atayal.xml:
Original: r&rsquo;iri
Modified: r’iri

Final_XML/ep2_文化篇/Atayal/Zeaol_Atayal.xml:
Original: gaga pin&rsquo;wagi
Modified: gaga pin’wagi

Final_XML/ep2_文化篇/Atayal/Wanda_Atayal.xml:
Original: mastuhya&rsquo;
Modified: mastuhya’

Final_XML/ep2_文化篇/Atayal/FourSeasons_Atayal.xml:
Original: S&rsquo;ciq 
Modified: S’ciq 

Final_XML/ep2_文化篇/Atayal/FourSeasons_Atayal.xml:
Original: &rsquo;tuxan
Modified: ’tuxan

Final_XML/ep2_文化篇/Atayal/FourSeasons_Atayal.xml:
Original: hi&rsquo;an
Modified: hi’an

Final_XML/ep2_文化篇/Atayal/FourSeasons_Atayal.xml:
Original: mu&rsquo;
Modified: mu’

Final_XML/ep2_文化篇/Puyuma/Jianhe_Puyuma.xml:
Original: varasarasa&rsquo;
Modified: varasarasa’

Final_XML/ep2_文化篇/Puyuma/Zhiben_Puyuma.xml:
Original: vu&rsquo;enin
Modified: vu’enin

Final_XML/ep2_文化篇/Puyuma/Zhiben_Puyuma.xml:
Original: mituruma&rsquo;an
Modified: mituruma’an

Final_XML/ep2_文化篇/Puyuma/Zhiben_Puyuma.xml:
Original: turuma&rsquo;an
Modified: turuma’an

Final_XML/ep2_文化篇/Puyuma/Zhiben_Puyuma.xml:
Original: puwaturuma&rsquo;an
Modified: puwaturuma’an

Final_XML/ep2_文化篇/Puyuma/Zhiben_Puyuma.xml:
Original: turaruma&rsquo;an
Modified: turaruma’an

Final_XML/ep2_文化篇/Puyuma/Zhiben_Puyuma.xml:
Original: &rsquo;emarawa
Modified: ’emarawa

Final_XML/ep2_文化篇/Puyuma/Zhiben_Puyuma.xml:
Original: &rsquo;emasi
Modified: ’emasi

Final_XML/ep2_文化篇/Puyuma/Zhiben_Puyuma.xml:
Original: parevuwa&rsquo;
Modified: parevuwa’

Final_XML/ep2_文化篇/Puyuma/Zhiben_Puyuma.xml:
Original: ma&rsquo;iyar
Modified: ma’iyar

Final_XML/ep2_文化篇/Puyuma/Zhiben_Puyuma.xml:
Original: ulali&rsquo;it
Modified: ulali’it

Final_XML/ep2_文化篇/Puyuma/Zhiben_Puyuma.xml:
Original: ma&rsquo;at
Modified: ma’at

Final_XML/ep2_文化篇/Puyuma/Zhiben_Puyuma.xml:
Original: temu&rsquo;tu&rsquo;
Modified: temu’tu’

Final_XML/ep2_文化篇/Puyuma/Xiqun_Puyuma.xml:
Original: seme&rsquo;era
Modified: seme’era

Final_XML/ep2_文化篇/Puyuma/Xiqun_Puyuma.xml:
Original: pareka&rsquo;inavanava
Modified: pareka’inavanava

Final_XML/ep2_文化篇/Puyuma/Xiqun_Puyuma.xml:
Original: ma&rsquo;ara&rsquo;araw
Modified: ma’ara’araw

Final_XML/ep2_文化篇/Rukai/Eastern_Rukai.xml:
Original: &rsquo;asalisi
Modified: ’asalisi

Final_XML/ep2_文化篇/Rukai/Dona_Rukai.xml:
Original: dida&rsquo;ane
Modified: dida’ane

Final_XML/ep2_文化篇/Rukai/Dona_Rukai.xml:
Original: sadodoko&rsquo;o
Modified: sadodoko’o

Final_XML/ep2_文化篇/Rukai/Dona_Rukai.xml:
Original: ca&rsquo;ebe
Modified: ca’ebe

Final_XML/ep2_文化篇/Rukai/Dona_Rukai.xml:
Original: &rsquo;enggake
Modified: ’enggake

Final_XML/ep2_文化篇/Rukai/Dona_Rukai.xml:
Original: ma&rsquo;akadoapenga
Modified: ma’akadoapenga

Final_XML/ep2_文化篇/Rukai/Dona_Rukai.xml:
Original: thakada&rsquo;ane
Modified: thakada’ane

Final_XML/ep2_文化篇/Rukai/Dona_Rukai.xml:
Original: kyaigo&rsquo;o
Modified: kyaigo’o

Final_XML/ep2_文化篇/Rukai/Dona_Rukai.xml:
Original: koka&rsquo;olo
Modified: koka’olo

Final_XML/ep2_文化篇/Rukai/Dona_Rukai.xml:
Original: ta&rsquo;acoavanimade
Modified: ta’acoavanimade

Final_XML/ep2_文化篇/Rukai/Dona_Rukai.xml:
Original: &rsquo;abakini na pelenge
Modified: ’abakini na pelenge

Final_XML/ep2_文化篇/Rukai/Dona_Rukai.xml:
Original: kasoa&rsquo;ane
Modified: kasoa’ane

Final_XML/ep2_文化篇/Rukai/Dona_Rukai.xml:
Original: tyadike&rsquo;ee
Modified: tyadike’ee

Final_XML/ep2_文化篇/Rukai/Dona_Rukai.xml:
Original: &rsquo;alapi
Modified: ’alapi

Final_XML/ep2_文化篇/Rukai/Dona_Rukai.xml:
Original: &rsquo;aedre
Modified: ’aedre

Final_XML/ep2_文化篇/Rukai/Dona_Rukai.xml:
Original: sapa&rsquo;a
Modified: sapa’a

Final_XML/ep2_文化篇/Rukai/Dona_Rukai.xml:
Original: pa&rsquo;athingalane
Modified: pa’athingalane

Final_XML/ep2_文化篇/Rukai/Dona_Rukai.xml:
Original: ma&rsquo;akava&rsquo;iyanenga
Modified: ma’akava’iyanenga

Final_XML/ep2_文化篇/Sakizaya/Sakizaya.xml:
Original: lumeni&rsquo;ay
Modified: lumeni’ay

Final_XML/ep2_文化篇/Sakizaya/Sakizaya.xml:
Original: saleni&rsquo;
Modified: saleni’

Final_XML/ep2_文化篇/Sakizaya/Sakizaya.xml:
Original: la&rsquo;cus
Modified: la’cus

Final_XML/ep2_文化篇/Sakizaya/Sakizaya.xml:
Original: lusa&rsquo;
Modified: lusa’

Final_XML/ep2_文化篇/Sakizaya/Sakizaya.xml:
Original: ma&rsquo;desay
Modified: ma’desay

Final_XML/ep2_文化篇/Sakizaya/Sakizaya.xml:
Original: binazu&rsquo;
Modified: binazu’

Final_XML/ep2_文化篇/Sakizaya/Sakizaya.xml:
Original: patatenga&rsquo;
Modified: patatenga’

Final_XML/ep2_文化篇/Sakizaya/Sakizaya.xml:
Original: ngiha&rsquo;
Modified: ngiha’

Final_XML/ep2_文化篇/Sakizaya/Sakizaya.xml:
Original: ngelu&rsquo;
Modified: ngelu’

Final_XML/ep2_文化篇/Sakizaya/Sakizaya.xml:
Original: misaluma&rsquo;
Modified: misaluma’

Final_XML/ep2_文化篇/Sakizaya/Sakizaya.xml:
Original: laluma&rsquo;an
Modified: laluma’an

Final_XML/ep2_文化篇/Bunun/Luanqun_Bunun.xml:
Original: ki&rsquo;haz
Modified: ki’haz

Final_XML/ep2_文化篇/Bunun/Kaqun_Bunun.xml:
Original: takdada&rsquo;an
Modified: takdada’an

Final_XML/ep2_文化篇/Kavalan/Kavalan.xml:
Original: bawa&rsquo;
Modified: bawa’

Final_XML/ep2_文化篇/Kanakanavu/Kanakanavu.xml:
Original: kakanaa&rsquo;ua
Modified: kakanaa’ua

Final_XML/ep2_文化篇/Saisiyat/Saisiyat.xml:
Original: &rsquo;omalep
Modified: ’omalep

Final_XML/ep2_文化篇/Saisiyat/Saisiyat.xml:
Original: laliyabo&rsquo;
Modified: laliyabo’

Final_XML/ep3_文化篇/Tsou/Tsou.xml:
Original: 'o&rsquo;otohva
Modified: 'o’otohva

Final_XML/ep3_文化篇/Atayal/FourSeasons_Atayal.xml:
Original: S&rsquo;ciq
Modified: S’ciq

Final_XML/ep2_文化篇/Saaroa/Saaroa.xml:
Original: hla&rsquo;alua
Modified: hla’alua

Final_XML/ep2_文化篇/Saaroa/Saaroa.xml:
Original: kani&rsquo;inani
Modified: kani’inani

Final_XML/ep2_文化篇/Saaroa/Saaroa.xml:
Original: pakisia&rsquo;a
Modified: pakisia’a

Final_XML/ep2_文化篇/Saaroa/Saaroa.xml:
Original: &rsquo;aulia
Modified: ’aulia

Final_XML/ep2_文化篇/Saaroa/Saaroa.xml:
Original: mi&rsquo;a&rsquo;a
Modified: mi’a’a

Final_XML/ep2_文化篇/Saaroa/Saaroa.xml:
Original: &rsquo;ukui
Modified: ’ukui

Final_XML/ep2_文化篇/Saaroa/Saaroa.xml:
Original: atavʉrʉcisa pala&rsquo;ula
Modified: atavʉrʉcisa pala’ula

Final_XML/ep2_文化篇/Saaroa/Saaroa.xml:
Original: ma&rsquo;ula
Modified: ma’ula

Final_XML/ep2_文化篇/Saaroa/Saaroa.xml:
Original: &rsquo;urai alʉmʉhlʉ
Modified: ’urai alʉmʉhlʉ

Final_XML/ep2_文化篇/Saaroa/Saaroa.xml:
Original: papa&rsquo;a
Modified: papa’a

Final_XML/ep2_文化篇/Saaroa/Saaroa.xml:
Original: pitalu&rsquo;apuluacu
Modified: pitalu’apuluacu

Final_XML/ep2_文化篇/Saaroa/Saaroa.xml:
Original: ilu&rsquo;u
Modified: ilu’u

Final_XML/ep2_文化篇/Saaroa/Saaroa.xml:
Original: kuli&rsquo;i
Modified: kuli’i

Final_XML/ep2_文化篇/Saaroa/Saaroa.xml:
Original: miavararʉ kiu&rsquo;u
Modified: miavararʉ kiu’u

Final_XML/ep2_文化篇/Saaroa/Saaroa.xml:
Original: &rsquo;uracʉ
Modified: ’uracʉ

Final_XML/ep2_文化篇/Saaroa/Saaroa.xml:
Original: ta&rsquo;iara
Modified: ta’iara

Final_XML/ep2_文化篇/Saaroa/Saaroa.xml:
Original: &rsquo;ʉlʉvʉ
Modified: ’ʉlʉvʉ

Final_XML/ep2_文化篇/Saaroa/Saaroa.xml:
Original: sana&rsquo;ʉ
Modified: sana’ʉ

Final_XML/ep2_文化篇/Saaroa/Saaroa.xml:
Original: &rsquo;alaliamʉ
Modified: ’alaliamʉ

Final_XML/ep2_文化篇/Saaroa/Saaroa.xml:
Original: &rsquo;ungu
Modified: ’ungu

Final_XML/ep2_文化篇/Saaroa/Saaroa.xml:
Original: &rsquo;isisi
Modified: ’isisi

Final_XML/ep2_文化篇/Saaroa/Saaroa.xml:
Original: vuhli&rsquo;itaiisa
Modified: vuhli’itaiisa

Final_XML/ep2_文化篇/Saaroa/Saaroa.xml:
Original: vui&rsquo;i
Modified: vui’i

Final_XML/ep2_文化篇/Saaroa/Saaroa.xml:
Original: tupi&rsquo;i
Modified: tupi’i

Final_XML/ep2_文化篇/Saaroa/Saaroa.xml:
Original: ta&rsquo;imisimia
Modified: ta’imisimia

Final_XML/ep2_文化篇/Saaroa/Saaroa.xml:
Original: &rsquo;arisapʉta
Modified: ’arisapʉta

Final_XML/ep2_文化篇/Saaroa/Saaroa.xml:
Original: &rsquo;ilikusu
Modified: ’ilikusu

Final_XML/ep2_文化篇/Thao/Thao.xml:
Original: in&rsquo;ia&rsquo;ianan
Modified: in’ia’ianan

Final_XML/ep2_文化篇/Thao/Thao.xml:
Original: mu&rsquo;apaw
Modified: mu’apaw

Final_XML/ep2_文化篇/Thao/Thao.xml:
Original: az&rsquo;az
Modified: az’az

Final_XML/ep2_文化篇/Thao/Thao.xml:
Original: puqaizu&rsquo;an
Modified: puqaizu’an

Final_XML/ep2_文化篇/Thao/Thao.xml:
Original: lus&rsquo;aniza
Modified: lus’aniza

Final_XML/ep2_文化篇/Thao/Thao.xml:
Original: pit&rsquo;ia
Modified: pit’ia

Final_XML/ep2_文化篇/Thao/Thao.xml:
Original: pin&rsquo;apuy
Modified: pin’apuy

Final_XML/ep2_文化篇/Thao/Thao.xml:
Original: minlus&rsquo;an
Modified: minlus’an

Final_XML/ep2_文化篇/Tsou/Tsou.xml:
Original: micuc&rsquo;o
Modified: micuc’o

Final_XML/ep2_文化篇/Tsou/Tsou.xml:
Original: taot&rsquo;ova
Modified: taot’ova

Final_XML/ep2_文化篇/Tsou/Tsou.xml:
Original: ’o&rsquo;otohva
Modified: ’o’otohva

Final_XML/ep2_文化篇/Tsou/Tsou.xml:
Original: cono ceʉ&rsquo;fʉ
Modified: cono ceʉ’fʉ

Final_XML/ep2_文化篇/Tsou/Tsou.xml:
Original: &rsquo;ue
Modified: ’ue

Final_XML/ep2_文化篇/Atayal/Zeaol_Atayal.xml:
Original: s&rsquo;bya
Modified: s’bya

Final_XML/ep2_文化篇/Atayal/Zeaol_Atayal.xml:
Original: &rsquo;misan
Modified: ’misan

Final_XML/ep2_文化篇/Atayal/Zeaol_Atayal.xml:
Original: m&rsquo;apung
Modified: m’apung

Final_XML/ep2_文化篇/Atayal/Zeaol_Atayal.xml:
Original: r&rsquo;iri
Modified: r’iri

Final_XML/ep2_文化篇/Atayal/Zeaol_Atayal.xml:
Original: gaga pin&rsquo;wagi
Modified: gaga pin’wagi

Final_XML/ep2_文化篇/Atayal/Wanda_Atayal.xml:
Original: mastuhya&rsquo;
Modified: mastuhya’

Final_XML/ep2_文化篇/Atayal/FourSeasons_Atayal.xml:
Original: S&rsquo;ciq 
Modified: S’ciq 

Final_XML/ep2_文化篇/Atayal/FourSeasons_Atayal.xml:
Original: &rsquo;tuxan
Modified: ’tuxan

Final_XML/ep2_文化篇/Atayal/FourSeasons_Atayal.xml:
Original: hi&rsquo;an
Modified: hi’an

Final_XML/ep2_文化篇/Atayal/FourSeasons_Atayal.xml:
Original: mu&rsquo;
Modified: mu’

Final_XML/ep2_文化篇/Puyuma/Jianhe_Puyuma.xml:
Original: varasarasa&rsquo;
Modified: varasarasa’

Final_XML/ep2_文化篇/Puyuma/Zhiben_Puyuma.xml:
Original: vu&rsquo;enin
Modified: vu’enin

Final_XML/ep2_文化篇/Puyuma/Zhiben_Puyuma.xml:
Original: mituruma&rsquo;an
Modified: mituruma’an

Final_XML/ep2_文化篇/Puyuma/Zhiben_Puyuma.xml:
Original: turuma&rsquo;an
Modified: turuma’an

Final_XML/ep2_文化篇/Puyuma/Zhiben_Puyuma.xml:
Original: puwaturuma&rsquo;an
Modified: puwaturuma’an

Final_XML/ep2_文化篇/Puyuma/Zhiben_Puyuma.xml:
Original: turaruma&rsquo;an
Modified: turaruma’an

Final_XML/ep2_文化篇/Puyuma/Zhiben_Puyuma.xml:
Original: &rsquo;emarawa
Modified: ’emarawa

Final_XML/ep2_文化篇/Puyuma/Zhiben_Puyuma.xml:
Original: &rsquo;emasi
Modified: ’emasi

Final_XML/ep2_文化篇/Puyuma/Zhiben_Puyuma.xml:
Original: parevuwa&rsquo;
Modified: parevuwa’

Final_XML/ep2_文化篇/Puyuma/Zhiben_Puyuma.xml:
Original: ma&rsquo;iyar
Modified: ma’iyar

Final_XML/ep2_文化篇/Puyuma/Zhiben_Puyuma.xml:
Original: ulali&rsquo;it
Modified: ulali’it

Final_XML/ep2_文化篇/Puyuma/Zhiben_Puyuma.xml:
Original: ma&rsquo;at
Modified: ma’at

Final_XML/ep2_文化篇/Puyuma/Zhiben_Puyuma.xml:
Original: temu&rsquo;tu&rsquo;
Modified: temu’tu’

Final_XML/ep2_文化篇/Puyuma/Xiqun_Puyuma.xml:
Original: seme&rsquo;era
Modified: seme’era

Final_XML/ep2_文化篇/Puyuma/Xiqun_Puyuma.xml:
Original: pareka&rsquo;inavanava
Modified: pareka’inavanava

Final_XML/ep2_文化篇/Puyuma/Xiqun_Puyuma.xml:
Original: ma&rsquo;ara&rsquo;araw
Modified: ma’ara’araw

Final_XML/ep2_文化篇/Rukai/Eastern_Rukai.xml:
Original: &rsquo;asalisi
Modified: ’asalisi

Final_XML/ep2_文化篇/Rukai/Dona_Rukai.xml:
Original: dida&rsquo;ane
Modified: dida’ane

Final_XML/ep2_文化篇/Rukai/Dona_Rukai.xml:
Original: sadodoko&rsquo;o
Modified: sadodoko’o

Final_XML/ep2_文化篇/Rukai/Dona_Rukai.xml:
Original: ca&rsquo;ebe
Modified: ca’ebe

Final_XML/ep2_文化篇/Rukai/Dona_Rukai.xml:
Original: &rsquo;enggake
Modified: ’enggake

Final_XML/ep2_文化篇/Rukai/Dona_Rukai.xml:
Original: ma&rsquo;akadoapenga
Modified: ma’akadoapenga

Final_XML/ep2_文化篇/Rukai/Dona_Rukai.xml:
Original: thakada&rsquo;ane
Modified: thakada’ane

Final_XML/ep2_文化篇/Rukai/Dona_Rukai.xml:
Original: kyaigo&rsquo;o
Modified: kyaigo’o

Final_XML/ep2_文化篇/Rukai/Dona_Rukai.xml:
Original: koka&rsquo;olo
Modified: koka’olo

Final_XML/ep2_文化篇/Rukai/Dona_Rukai.xml:
Original: ta&rsquo;acoavanimade
Modified: ta’acoavanimade

Final_XML/ep2_文化篇/Rukai/Dona_Rukai.xml:
Original: &rsquo;abakini na pelenge
Modified: ’abakini na pelenge

Final_XML/ep2_文化篇/Rukai/Dona_Rukai.xml:
Original: kasoa&rsquo;ane
Modified: kasoa’ane

Final_XML/ep2_文化篇/Rukai/Dona_Rukai.xml:
Original: tyadike&rsquo;ee
Modified: tyadike’ee

Final_XML/ep2_文化篇/Rukai/Dona_Rukai.xml:
Original: &rsquo;alapi
Modified: ’alapi

Final_XML/ep2_文化篇/Rukai/Dona_Rukai.xml:
Original: &rsquo;aedre
Modified: ’aedre

Final_XML/ep2_文化篇/Rukai/Dona_Rukai.xml:
Original: sapa&rsquo;a
Modified: sapa’a

Final_XML/ep2_文化篇/Rukai/Dona_Rukai.xml:
Original: pa&rsquo;athingalane
Modified: pa’athingalane

Final_XML/ep2_文化篇/Rukai/Dona_Rukai.xml:
Original: ma&rsquo;akava&rsquo;iyanenga
Modified: ma’akava’iyanenga

Final_XML/ep2_文化篇/Sakizaya/Sakizaya.xml:
Original: lumeni&rsquo;ay
Modified: lumeni’ay

Final_XML/ep2_文化篇/Sakizaya/Sakizaya.xml:
Original: saleni&rsquo;
Modified: saleni’

Final_XML/ep2_文化篇/Sakizaya/Sakizaya.xml:
Original: la&rsquo;cus
Modified: la’cus

Final_XML/ep2_文化篇/Sakizaya/Sakizaya.xml:
Original: lusa&rsquo;
Modified: lusa’

Final_XML/ep2_文化篇/Sakizaya/Sakizaya.xml:
Original: ma&rsquo;desay
Modified: ma’desay

Final_XML/ep2_文化篇/Sakizaya/Sakizaya.xml:
Original: binazu&rsquo;
Modified: binazu’

Final_XML/ep2_文化篇/Sakizaya/Sakizaya.xml:
Original: patatenga&rsquo;
Modified: patatenga’

Final_XML/ep2_文化篇/Sakizaya/Sakizaya.xml:
Original: ngiha&rsquo;
Modified: ngiha’

Final_XML/ep2_文化篇/Sakizaya/Sakizaya.xml:
Original: ngelu&rsquo;
Modified: ngelu’

Final_XML/ep2_文化篇/Sakizaya/Sakizaya.xml:
Original: misaluma&rsquo;
Modified: misaluma’

Final_XML/ep2_文化篇/Sakizaya/Sakizaya.xml:
Original: laluma&rsquo;an
Modified: laluma’an

Final_XML/ep2_文化篇/Bunun/Luanqun_Bunun.xml:
Original: ki&rsquo;haz
Modified: ki’haz

Final_XML/ep2_文化篇/Bunun/Kaqun_Bunun.xml:
Original: takdada&rsquo;an
Modified: takdada’an

Final_XML/ep2_文化篇/Amis/Southern_Amis.xml:
Original: paluma&rsquo;
Modified: paluma’

Final_XML/ep2_文化篇/Amis/Southern_Amis.xml:
Original: mipili&rsquo;
Modified: mipili’

Final_XML/ep2_文化篇/Amis/Malan_Amis.xml:
Original: ka&rsquo;onican
Modified: ka’onican

Final_XML/ep2_文化篇/Amis/Malan_Amis.xml:
Original: caca&rsquo;edongan
Modified: caca’edongan

Final_XML/ep2_文化篇/Amis/Malan_Amis.xml:
Original: ka&rsquo;esingan
Modified: ka’esingan

Final_XML/ep2_文化篇/Amis/Malan_Amis.xml:
Original: misa&rsquo;arawraw
Modified: misa’arawraw

Final_XML/ep2_文化篇/Amis/Hengchun_Amis.xml:
Original: masasi&rsquo;adaay
Modified: masasi’adaay

Final_XML/ep2_文化篇/Amis/Hengchun_Amis.xml:
Original: macaco&rsquo;isay
Modified: macaco’isay

Final_XML/ep2_文化篇/Amis/Hengchun_Amis.xml:
Original: kamaro&rsquo;an
Modified: kamaro’an

Final_XML/ep2_文化篇/Amis/Hengchun_Amis.xml:
Original: cowapi&rsquo;osi to toki
Modified: cowapi’osi to toki

Final_XML/ep2_文化篇/Amis/Hengchun_Amis.xml:
Original: sakanga&rsquo;ayaw
Modified: sakanga’ayaw

Final_XML/ep2_文化篇/Amis/Hengchun_Amis.xml:
Original: kaeso&rsquo;
Modified: kaeso’

Final_XML/ep2_文化篇/Amis/Hengchun_Amis.xml:
Original: taneng to saka&rsquo;orip
Modified: taneng to saka’orip

Final_XML/ep2_文化篇/Amis/Xiuguluan_Amis.xml:
Original: karo&rsquo;
Modified: karo’

Final_XML/ep2_文化篇/Amis/Xiuguluan_Amis.xml:
Original: kakafaheka&rsquo;an
Modified: kakafaheka’an

Final_XML/ep2_文化篇/Amis/Coastal_Amis.xml:
Original: masolinga&rsquo;
Modified: masolinga’

Final_XML/ep2_文化篇/Amis/Coastal_Amis.xml:
Original: masasi&rsquo;ada
Modified: masasi’ada

Final_XML/ep2_文化篇/Amis/Coastal_Amis.xml:
Original: kalala&rsquo;ed
Modified: kalala’ed

Final_XML/ep2_文化篇/Amis/Coastal_Amis.xml:
Original: matena&rsquo;
Modified: matena’

Final_XML/ep2_文化篇/Amis/Coastal_Amis.xml:
Original: mito&rsquo;eto&rsquo;ay
Modified: mito’eto’ay

Final_XML/ep2_文化篇/Amis/Coastal_Amis.xml:
Original: manta&rsquo;ay
Modified: manta’ay

Final_XML/ep2_文化篇/Amis/Coastal_Amis.xml:
Original: &rsquo;a&rsquo;isedan
Modified: ’a’isedan

Final_XML/ep2_文化篇/Amis/Coastal_Amis.xml:
Original: &rsquo;eres
Modified: ’eres

Final_XML/ep2_文化篇/Amis/Coastal_Amis.xml:
Original: palimo&rsquo;ot
Modified: palimo’ot

Final_XML/ep2_文化篇/Amis/Coastal_Amis.xml:
Original: piko&rsquo;
Modified: piko’

Final_XML/ep2_文化篇/Amis/Coastal_Amis.xml:
Original: saka&rsquo;orip
Modified: saka’orip

Final_XML/ep2_文化篇/Amis/Coastal_Amis.xml:
Original: malokafoti&rsquo;an
Modified: malokafoti’an

Final_XML/ep2_文化篇/Amis/Coastal_Amis.xml:
Original: payloma&rsquo;
Modified: payloma’

Final_XML/ep2_文化篇/Amis/Coastal_Amis.xml:
Original: masa&rsquo;apilis
Modified: masa’apilis

Final_XML/ep2_文化篇/Amis/Coastal_Amis.xml:
Original: paco&rsquo;ay
Modified: paco’ay

Final_XML/ep2_文化篇/Amis/Coastal_Amis.xml:
Original: kamaro&rsquo;an
Modified: kamaro’an

Final_XML/ep2_文化篇/Amis/Coastal_Amis.xml:
Original: misa&rsquo;ir
Modified: misa’ir

Final_XML/ep2_文化篇/Amis/Coastal_Amis.xml:
Original: malosapipa&rsquo;orad
Modified: malosapipa’orad

Final_XML/ep2_文化篇/Amis/Coastal_Amis.xml:
Original: malalesilesi&rsquo;
Modified: malalesilesi’

Final_XML/ep2_文化篇/Amis/Coastal_Amis.xml:
Original: kasini&rsquo;adaen
Modified: kasini’adaen

Final_XML/ep2_文化篇/Amis/Coastal_Amis.xml:
Original: malato&rsquo;
Modified: malato’

Final_XML/ep2_文化篇/Amis/Coastal_Amis.xml:
Original: mi&rsquo;ang&rsquo;ang
Modified: mi’ang’ang

Final_XML/ep2_文化篇/Amis/Coastal_Amis.xml:
Original: pi&rsquo;ocil
Modified: pi’ocil

Final_XML/ep2_文化篇/Amis/Coastal_Amis.xml:
Original: &rsquo;ingay
Modified: ’ingay

Final_XML/ep2_文化篇/Amis/Coastal_Amis.xml:
Original: mata&rsquo;elif
Modified: mata’elif

Final_XML/ep2_文化篇/Amis/Coastal_Amis.xml:
Original: ma&rsquo;iwil
Modified: ma’iwil

Final_XML/ep2_文化篇/Amis/Coastal_Amis.xml:
Original: miti&rsquo;eciway
Modified: miti’eciway

Final_XML/ep2_文化篇/Amis/Coastal_Amis.xml:
Original: mana&rsquo;angay
Modified: mana’angay

Final_XML/ep2_文化篇/Amis/Coastal_Amis.xml:
Original: pisa&rsquo;atomo
Modified: pisa’atomo

Final_XML/ep2_文化篇/Amis/Coastal_Amis.xml:
Original: pisanga&rsquo;an
Modified: pisanga’an

Final_XML/ep2_文化篇/Kavalan/Kavalan.xml:
Original: bawa&rsquo;
Modified: bawa’

Final_XML/ep2_文化篇/Kanakanavu/Kanakanavu.xml:
Original: kakanaa&rsquo;ua
Modified: kakanaa’ua

Final_XML/ep2_文化篇/Saisiyat/Saisiyat.xml:
Original: &rsquo;omalep
Modified: ’omalep

Final_XML/ep2_文化篇/Saisiyat/Saisiyat.xml:
Original: laliyabo&rsquo;
Modified: laliyabo’

